[2026-01-04T10:11:23.719+0000] {taskinstance.py:1956} INFO - Dependencies all met for dep_context=non-requeueable deps ti=<TaskInstance: student_retention_databricks_orchestration.trigger_databricks_medallion_job scheduled__2026-01-03T00:00:00+00:00 [queued]>
[2026-01-04T10:11:23.733+0000] {taskinstance.py:1956} INFO - Dependencies all met for dep_context=requeueable deps ti=<TaskInstance: student_retention_databricks_orchestration.trigger_databricks_medallion_job scheduled__2026-01-03T00:00:00+00:00 [queued]>
[2026-01-04T10:11:23.734+0000] {taskinstance.py:2170} INFO - Starting attempt 3 of 3
[2026-01-04T10:11:23.757+0000] {taskinstance.py:2191} INFO - Executing <Task(DatabricksRunNowOperator): trigger_databricks_medallion_job> on 2026-01-03 00:00:00+00:00
[2026-01-04T10:11:23.768+0000] {standard_task_runner.py:60} INFO - Started process 332 to run task
[2026-01-04T10:11:23.774+0000] {standard_task_runner.py:87} INFO - Running: ['***', 'tasks', 'run', 'student_retention_databricks_orchestration', 'trigger_databricks_medallion_job', 'scheduled__2026-01-03T00:00:00+00:00', '--job-id', '6', '--raw', '--subdir', 'DAGS_FOLDER/studentRetension_databricks_etl.py', '--cfg-path', '/tmp/tmp7njmj1rx']
[2026-01-04T10:11:23.778+0000] {standard_task_runner.py:88} INFO - Job 6: Subtask trigger_databricks_medallion_job
[2026-01-04T10:11:23.899+0000] {task_command.py:423} INFO - Running <TaskInstance: student_retention_databricks_orchestration.trigger_databricks_medallion_job scheduled__2026-01-03T00:00:00+00:00 [running]> on host 85d1f3a5d2af
[2026-01-04T10:11:24.008+0000] {taskinstance.py:2480} INFO - Exporting env vars: AIRFLOW_CTX_DAG_OWNER='siddartha' AIRFLOW_CTX_DAG_ID='student_retention_databricks_orchestration' AIRFLOW_CTX_TASK_ID='trigger_databricks_medallion_job' AIRFLOW_CTX_EXECUTION_DATE='2026-01-03T00:00:00+00:00' AIRFLOW_CTX_TRY_NUMBER='3' AIRFLOW_CTX_DAG_RUN_ID='scheduled__2026-01-03T00:00:00+00:00'
[2026-01-04T10:11:24.023+0000] {base.py:83} INFO - Using connection ID 'databricks_default' for task execution.
[2026-01-04T10:11:25.811+0000] {databricks.py:66} INFO - Run submitted with run_id: 336332779881302
[2026-01-04T10:11:28.055+0000] {databricks.py:128} INFO - trigger_databricks_medallion_job in run state: {'life_cycle_state': 'QUEUED', 'result_state': '', 'state_message': ''}
[2026-01-04T10:11:28.057+0000] {databricks.py:129} INFO - View run status, Spark UI, and logs at https://dbc-b05c1d9b-6b7d.cloud.databricks.com/?o=871826080196876#job/195283395503801/run/336332779881302
[2026-01-04T10:11:28.058+0000] {databricks.py:130} INFO - Sleeping for 60 seconds.
[2026-01-04T10:12:29.395+0000] {databricks.py:128} INFO - trigger_databricks_medallion_job in run state: {'life_cycle_state': 'QUEUED', 'result_state': '', 'state_message': ''}
[2026-01-04T10:12:29.398+0000] {databricks.py:129} INFO - View run status, Spark UI, and logs at https://dbc-b05c1d9b-6b7d.cloud.databricks.com/?o=871826080196876#job/195283395503801/run/336332779881302
[2026-01-04T10:12:29.399+0000] {databricks.py:130} INFO - Sleeping for 60 seconds.
[2026-01-04T10:13:30.390+0000] {databricks.py:128} INFO - trigger_databricks_medallion_job in run state: {'life_cycle_state': 'QUEUED', 'result_state': '', 'state_message': ''}
[2026-01-04T10:13:30.391+0000] {databricks.py:129} INFO - View run status, Spark UI, and logs at https://dbc-b05c1d9b-6b7d.cloud.databricks.com/?o=871826080196876#job/195283395503801/run/336332779881302
[2026-01-04T10:13:30.392+0000] {databricks.py:130} INFO - Sleeping for 60 seconds.
[2026-01-04T10:14:31.654+0000] {databricks.py:128} INFO - trigger_databricks_medallion_job in run state: {'life_cycle_state': 'RUNNING', 'result_state': '', 'state_message': ''}
[2026-01-04T10:14:31.655+0000] {databricks.py:129} INFO - View run status, Spark UI, and logs at https://dbc-b05c1d9b-6b7d.cloud.databricks.com/?o=871826080196876#job/195283395503801/run/336332779881302
[2026-01-04T10:14:31.656+0000] {databricks.py:130} INFO - Sleeping for 60 seconds.
[2026-01-04T10:15:31.165+0000] {databricks.py:128} INFO - trigger_databricks_medallion_job in run state: {'life_cycle_state': 'RUNNING', 'result_state': '', 'state_message': ''}
[2026-01-04T10:15:31.167+0000] {databricks.py:129} INFO - View run status, Spark UI, and logs at https://dbc-b05c1d9b-6b7d.cloud.databricks.com/?o=871826080196876#job/195283395503801/run/336332779881302
[2026-01-04T10:15:31.167+0000] {databricks.py:130} INFO - Sleeping for 60 seconds.
[2026-01-04T10:16:32.429+0000] {databricks.py:77} INFO - trigger_databricks_medallion_job completed successfully.
[2026-01-04T10:16:32.430+0000] {databricks.py:78} INFO - View run status, Spark UI, and logs at https://dbc-b05c1d9b-6b7d.cloud.databricks.com/?o=871826080196876#job/195283395503801/run/336332779881302
[2026-01-04T10:16:32.447+0000] {taskinstance.py:1138} INFO - Marking task as SUCCESS. dag_id=student_retention_databricks_orchestration, task_id=trigger_databricks_medallion_job, execution_date=20260103T000000, start_date=20260104T101123, end_date=20260104T101632
[2026-01-04T10:16:32.512+0000] {local_task_job_runner.py:234} INFO - Task exited with return code 0
[2026-01-04T10:16:32.534+0000] {taskinstance.py:3280} INFO - 0 downstream tasks scheduled from follow-on schedule check
