[2026-01-04T10:32:32.250+0000] {taskinstance.py:1956} INFO - Dependencies all met for dep_context=non-requeueable deps ti=<TaskInstance: student_retention_databricks_orchestration.trigger_databricks_medallion_job manual__2026-01-04T10:32:31.304639+00:00 [queued]>
[2026-01-04T10:32:32.264+0000] {taskinstance.py:1956} INFO - Dependencies all met for dep_context=requeueable deps ti=<TaskInstance: student_retention_databricks_orchestration.trigger_databricks_medallion_job manual__2026-01-04T10:32:31.304639+00:00 [queued]>
[2026-01-04T10:32:32.264+0000] {taskinstance.py:2170} INFO - Starting attempt 1 of 3
[2026-01-04T10:32:32.292+0000] {taskinstance.py:2191} INFO - Executing <Task(DatabricksRunNowOperator): trigger_databricks_medallion_job> on 2026-01-04 10:32:31.304639+00:00
[2026-01-04T10:32:32.297+0000] {standard_task_runner.py:60} INFO - Started process 330 to run task
[2026-01-04T10:32:32.303+0000] {standard_task_runner.py:87} INFO - Running: ['***', 'tasks', 'run', 'student_retention_databricks_orchestration', 'trigger_databricks_medallion_job', 'manual__2026-01-04T10:32:31.304639+00:00', '--job-id', '4', '--raw', '--subdir', 'DAGS_FOLDER/studentRetension_databricks_etl.py', '--cfg-path', '/tmp/tmpj6r1bkck']
[2026-01-04T10:32:32.308+0000] {standard_task_runner.py:88} INFO - Job 4: Subtask trigger_databricks_medallion_job
[2026-01-04T10:32:32.427+0000] {task_command.py:423} INFO - Running <TaskInstance: student_retention_databricks_orchestration.trigger_databricks_medallion_job manual__2026-01-04T10:32:31.304639+00:00 [running]> on host 29c44edaf07d
[2026-01-04T10:32:32.567+0000] {taskinstance.py:2480} INFO - Exporting env vars: AIRFLOW_CTX_DAG_OWNER='siddartha' AIRFLOW_CTX_DAG_ID='student_retention_databricks_orchestration' AIRFLOW_CTX_TASK_ID='trigger_databricks_medallion_job' AIRFLOW_CTX_EXECUTION_DATE='2026-01-04T10:32:31.304639+00:00' AIRFLOW_CTX_TRY_NUMBER='1' AIRFLOW_CTX_DAG_RUN_ID='manual__2026-01-04T10:32:31.304639+00:00'
[2026-01-04T10:32:32.581+0000] {base.py:83} INFO - Using connection ID 'databricks_default' for task execution.
[2026-01-04T10:32:34.243+0000] {databricks.py:66} INFO - Run submitted with run_id: 374906163703502
[2026-01-04T10:33:29.228+0000] {databricks.py:128} INFO - trigger_databricks_medallion_job in run state: {'life_cycle_state': 'RUNNING', 'result_state': '', 'state_message': ''}
[2026-01-04T10:33:29.243+0000] {databricks.py:129} INFO - View run status, Spark UI, and logs at https://dbc-b05c1d9b-6b7d.cloud.databricks.com/?o=871826080196876#job/195283395503801/run/374906163703502
[2026-01-04T10:33:29.255+0000] {databricks.py:130} INFO - Sleeping for 60 seconds.
[2026-01-04T10:33:37.966+0000] {databricks.py:128} INFO - trigger_databricks_medallion_job in run state: {'life_cycle_state': 'RUNNING', 'result_state': '', 'state_message': ''}
[2026-01-04T10:33:37.968+0000] {databricks.py:129} INFO - View run status, Spark UI, and logs at https://dbc-b05c1d9b-6b7d.cloud.databricks.com/?o=871826080196876#job/195283395503801/run/374906163703502
[2026-01-04T10:33:37.971+0000] {databricks.py:130} INFO - Sleeping for 60 seconds.
[2026-01-04T10:34:39.427+0000] {databricks.py:77} INFO - trigger_databricks_medallion_job completed successfully.
[2026-01-04T10:34:39.429+0000] {databricks.py:78} INFO - View run status, Spark UI, and logs at https://dbc-b05c1d9b-6b7d.cloud.databricks.com/?o=871826080196876#job/195283395503801/run/374906163703502
[2026-01-04T10:34:39.450+0000] {taskinstance.py:1138} INFO - Marking task as SUCCESS. dag_id=student_retention_databricks_orchestration, task_id=trigger_databricks_medallion_job, execution_date=20260104T103231, start_date=20260104T103232, end_date=20260104T103439
[2026-01-04T10:34:39.534+0000] {local_task_job_runner.py:234} INFO - Task exited with return code 0
[2026-01-04T10:34:39.569+0000] {taskinstance.py:3280} INFO - 0 downstream tasks scheduled from follow-on schedule check
