[2025-12-30T16:20:38.486+0000] {processor.py:161} INFO - Started process (PID=274) to work on /opt/airflow/dags/studentRetension_databricks_etl.py
[2025-12-30T16:20:38.494+0000] {processor.py:830} INFO - Processing file /opt/airflow/dags/studentRetension_databricks_etl.py for tasks to queue
[2025-12-30T16:20:38.504+0000] {logging_mixin.py:188} INFO - [2025-12-30T16:20:38.503+0000] {dagbag.py:538} INFO - Filling up the DagBag from /opt/airflow/dags/studentRetension_databricks_etl.py
[2025-12-30T16:19:48.948+0000] {processor.py:840} INFO - DAG(s) 'superstore_databricks_etl' retrieved from /opt/airflow/dags/studentRetension_databricks_etl.py
[2025-12-30T16:19:49.105+0000] {logging_mixin.py:188} INFO - [2025-12-30T16:19:49.104+0000] {dag.py:3036} INFO - Sync 1 DAGs
[2025-12-30T16:19:49.124+0000] {logging_mixin.py:188} INFO - [2025-12-30T16:19:49.124+0000] {dag.py:3823} INFO - Setting next_dagrun for superstore_databricks_etl to None, run_after=None
[2025-12-30T16:19:49.178+0000] {processor.py:183} INFO - Processing /opt/airflow/dags/studentRetension_databricks_etl.py took 0.324 seconds
[2025-12-30T16:20:43.549+0000] {processor.py:161} INFO - Started process (PID=279) to work on /opt/airflow/dags/studentRetension_databricks_etl.py
[2025-12-30T16:20:43.551+0000] {processor.py:830} INFO - Processing file /opt/airflow/dags/studentRetension_databricks_etl.py for tasks to queue
[2025-12-30T16:20:43.553+0000] {logging_mixin.py:188} INFO - [2025-12-30T16:20:43.552+0000] {dagbag.py:538} INFO - Filling up the DagBag from /opt/airflow/dags/studentRetension_databricks_etl.py
[2025-12-30T16:20:43.579+0000] {processor.py:840} INFO - DAG(s) 'superstore_databricks_etl' retrieved from /opt/airflow/dags/studentRetension_databricks_etl.py
[2025-12-30T16:20:43.628+0000] {logging_mixin.py:188} INFO - [2025-12-30T16:20:43.628+0000] {dag.py:3036} INFO - Sync 1 DAGs
[2025-12-30T16:20:43.648+0000] {logging_mixin.py:188} INFO - [2025-12-30T16:20:43.648+0000] {dag.py:3823} INFO - Setting next_dagrun for superstore_databricks_etl to None, run_after=None
[2025-12-30T16:20:43.699+0000] {processor.py:183} INFO - Processing /opt/airflow/dags/studentRetension_databricks_etl.py took 0.156 seconds
[2025-12-30T16:21:13.794+0000] {processor.py:161} INFO - Started process (PID=284) to work on /opt/airflow/dags/studentRetension_databricks_etl.py
[2025-12-30T16:21:13.796+0000] {processor.py:830} INFO - Processing file /opt/airflow/dags/studentRetension_databricks_etl.py for tasks to queue
[2025-12-30T16:21:13.798+0000] {logging_mixin.py:188} INFO - [2025-12-30T16:21:13.798+0000] {dagbag.py:538} INFO - Filling up the DagBag from /opt/airflow/dags/studentRetension_databricks_etl.py
[2025-12-30T16:21:13.825+0000] {processor.py:840} INFO - DAG(s) 'superstore_databricks_etl' retrieved from /opt/airflow/dags/studentRetension_databricks_etl.py
[2025-12-30T16:21:13.871+0000] {logging_mixin.py:188} INFO - [2025-12-30T16:21:13.870+0000] {dag.py:3036} INFO - Sync 1 DAGs
[2025-12-30T16:21:13.897+0000] {logging_mixin.py:188} INFO - [2025-12-30T16:21:13.897+0000] {dag.py:3823} INFO - Setting next_dagrun for superstore_databricks_etl to None, run_after=None
[2025-12-30T16:21:13.936+0000] {processor.py:183} INFO - Processing /opt/airflow/dags/studentRetension_databricks_etl.py took 0.148 seconds
[2025-12-30T16:22:03.343+0000] {processor.py:161} INFO - Started process (PID=289) to work on /opt/airflow/dags/studentRetension_databricks_etl.py
[2025-12-30T16:22:03.346+0000] {processor.py:830} INFO - Processing file /opt/airflow/dags/studentRetension_databricks_etl.py for tasks to queue
[2025-12-30T16:22:03.351+0000] {logging_mixin.py:188} INFO - [2025-12-30T16:22:03.350+0000] {dagbag.py:538} INFO - Filling up the DagBag from /opt/airflow/dags/studentRetension_databricks_etl.py
[2025-12-30T16:22:03.384+0000] {processor.py:840} INFO - DAG(s) 'superstore_databricks_etl' retrieved from /opt/airflow/dags/studentRetension_databricks_etl.py
[2025-12-30T16:22:03.432+0000] {logging_mixin.py:188} INFO - [2025-12-30T16:22:03.432+0000] {dag.py:3036} INFO - Sync 1 DAGs
[2025-12-30T16:21:13.860+0000] {logging_mixin.py:188} INFO - [2025-12-30T16:21:13.859+0000] {dag.py:3823} INFO - Setting next_dagrun for superstore_databricks_etl to None, run_after=None
[2025-12-30T16:21:13.903+0000] {processor.py:183} INFO - Processing /opt/airflow/dags/studentRetension_databricks_etl.py took 0.168 seconds
[2025-12-30T16:22:08.413+0000] {processor.py:161} INFO - Started process (PID=294) to work on /opt/airflow/dags/studentRetension_databricks_etl.py
[2025-12-30T16:22:08.416+0000] {processor.py:830} INFO - Processing file /opt/airflow/dags/studentRetension_databricks_etl.py for tasks to queue
[2025-12-30T16:22:08.417+0000] {logging_mixin.py:188} INFO - [2025-12-30T16:22:08.417+0000] {dagbag.py:538} INFO - Filling up the DagBag from /opt/airflow/dags/studentRetension_databricks_etl.py
[2025-12-30T16:21:18.855+0000] {processor.py:840} INFO - DAG(s) 'superstore_databricks_etl' retrieved from /opt/airflow/dags/studentRetension_databricks_etl.py
[2025-12-30T16:21:18.901+0000] {logging_mixin.py:188} INFO - [2025-12-30T16:21:18.900+0000] {dag.py:3036} INFO - Sync 1 DAGs
[2025-12-30T16:21:18.925+0000] {logging_mixin.py:188} INFO - [2025-12-30T16:21:18.925+0000] {dag.py:3823} INFO - Setting next_dagrun for superstore_databricks_etl to None, run_after=None
[2025-12-30T16:21:18.971+0000] {processor.py:183} INFO - Processing /opt/airflow/dags/studentRetension_databricks_etl.py took 0.172 seconds
[2025-12-30T16:22:23.723+0000] {processor.py:161} INFO - Started process (PID=301) to work on /opt/airflow/dags/studentRetension_databricks_etl.py
[2025-12-30T16:22:23.725+0000] {processor.py:830} INFO - Processing file /opt/airflow/dags/studentRetension_databricks_etl.py for tasks to queue
[2025-12-30T16:22:23.727+0000] {logging_mixin.py:188} INFO - [2025-12-30T16:22:23.726+0000] {dagbag.py:538} INFO - Filling up the DagBag from /opt/airflow/dags/studentRetension_databricks_etl.py
[2025-12-30T16:22:23.759+0000] {processor.py:840} INFO - DAG(s) 'superstore_databricks_etl' retrieved from /opt/airflow/dags/studentRetension_databricks_etl.py
[2025-12-30T16:22:23.812+0000] {logging_mixin.py:188} INFO - [2025-12-30T16:22:23.812+0000] {dag.py:3036} INFO - Sync 1 DAGs
[2025-12-30T16:22:23.832+0000] {logging_mixin.py:188} INFO - [2025-12-30T16:22:23.832+0000] {dag.py:3823} INFO - Setting next_dagrun for superstore_databricks_etl to None, run_after=None
[2025-12-30T16:22:23.868+0000] {processor.py:183} INFO - Processing /opt/airflow/dags/studentRetension_databricks_etl.py took 0.149 seconds
[2025-12-30T16:22:53.995+0000] {processor.py:161} INFO - Started process (PID=306) to work on /opt/airflow/dags/studentRetension_databricks_etl.py
[2025-12-30T16:22:53.997+0000] {processor.py:830} INFO - Processing file /opt/airflow/dags/studentRetension_databricks_etl.py for tasks to queue
[2025-12-30T16:22:53.998+0000] {logging_mixin.py:188} INFO - [2025-12-30T16:22:53.998+0000] {dagbag.py:538} INFO - Filling up the DagBag from /opt/airflow/dags/studentRetension_databricks_etl.py
[2025-12-30T16:22:54.016+0000] {processor.py:840} INFO - DAG(s) 'superstore_databricks_etl' retrieved from /opt/airflow/dags/studentRetension_databricks_etl.py
[2025-12-30T16:22:54.052+0000] {logging_mixin.py:188} INFO - [2025-12-30T16:22:54.052+0000] {dag.py:3036} INFO - Sync 1 DAGs
[2025-12-30T16:22:54.066+0000] {logging_mixin.py:188} INFO - [2025-12-30T16:22:54.066+0000] {dag.py:3823} INFO - Setting next_dagrun for superstore_databricks_etl to None, run_after=None
[2025-12-30T16:22:54.093+0000] {processor.py:183} INFO - Processing /opt/airflow/dags/studentRetension_databricks_etl.py took 0.103 seconds
[2025-12-30T16:23:24.381+0000] {processor.py:161} INFO - Started process (PID=311) to work on /opt/airflow/dags/studentRetension_databricks_etl.py
[2025-12-30T16:23:24.382+0000] {processor.py:830} INFO - Processing file /opt/airflow/dags/studentRetension_databricks_etl.py for tasks to queue
[2025-12-30T16:23:24.383+0000] {logging_mixin.py:188} INFO - [2025-12-30T16:23:24.383+0000] {dagbag.py:538} INFO - Filling up the DagBag from /opt/airflow/dags/studentRetension_databricks_etl.py
[2025-12-30T16:23:24.394+0000] {processor.py:840} INFO - DAG(s) 'superstore_databricks_etl' retrieved from /opt/airflow/dags/studentRetension_databricks_etl.py
[2025-12-30T16:23:24.418+0000] {logging_mixin.py:188} INFO - [2025-12-30T16:23:24.418+0000] {dag.py:3036} INFO - Sync 1 DAGs
[2025-12-30T16:23:24.429+0000] {logging_mixin.py:188} INFO - [2025-12-30T16:23:24.429+0000] {dag.py:3823} INFO - Setting next_dagrun for superstore_databricks_etl to None, run_after=None
[2025-12-30T16:23:24.456+0000] {processor.py:183} INFO - Processing /opt/airflow/dags/studentRetension_databricks_etl.py took 0.079 seconds
[2025-12-30T16:23:54.703+0000] {processor.py:161} INFO - Started process (PID=316) to work on /opt/airflow/dags/studentRetension_databricks_etl.py
[2025-12-30T16:23:54.704+0000] {processor.py:830} INFO - Processing file /opt/airflow/dags/studentRetension_databricks_etl.py for tasks to queue
[2025-12-30T16:23:54.705+0000] {logging_mixin.py:188} INFO - [2025-12-30T16:23:54.705+0000] {dagbag.py:538} INFO - Filling up the DagBag from /opt/airflow/dags/studentRetension_databricks_etl.py
[2025-12-30T16:23:54.715+0000] {processor.py:840} INFO - DAG(s) 'superstore_databricks_etl' retrieved from /opt/airflow/dags/studentRetension_databricks_etl.py
[2025-12-30T16:23:54.736+0000] {logging_mixin.py:188} INFO - [2025-12-30T16:23:54.736+0000] {dag.py:3036} INFO - Sync 1 DAGs
[2025-12-30T16:23:54.746+0000] {logging_mixin.py:188} INFO - [2025-12-30T16:23:54.746+0000] {dag.py:3823} INFO - Setting next_dagrun for superstore_databricks_etl to None, run_after=None
[2025-12-30T16:23:54.772+0000] {processor.py:183} INFO - Processing /opt/airflow/dags/studentRetension_databricks_etl.py took 0.072 seconds
[2025-12-30T16:24:24.885+0000] {processor.py:161} INFO - Started process (PID=323) to work on /opt/airflow/dags/studentRetension_databricks_etl.py
[2025-12-30T16:24:24.886+0000] {processor.py:830} INFO - Processing file /opt/airflow/dags/studentRetension_databricks_etl.py for tasks to queue
[2025-12-30T16:24:24.887+0000] {logging_mixin.py:188} INFO - [2025-12-30T16:24:24.887+0000] {dagbag.py:538} INFO - Filling up the DagBag from /opt/airflow/dags/studentRetension_databricks_etl.py
[2025-12-30T16:24:24.900+0000] {processor.py:840} INFO - DAG(s) 'superstore_databricks_etl' retrieved from /opt/airflow/dags/studentRetension_databricks_etl.py
[2025-12-30T16:24:24.925+0000] {logging_mixin.py:188} INFO - [2025-12-30T16:24:24.925+0000] {dag.py:3036} INFO - Sync 1 DAGs
[2025-12-30T16:24:24.937+0000] {logging_mixin.py:188} INFO - [2025-12-30T16:24:24.937+0000] {dag.py:3823} INFO - Setting next_dagrun for superstore_databricks_etl to None, run_after=None
[2025-12-30T16:24:24.965+0000] {processor.py:183} INFO - Processing /opt/airflow/dags/studentRetension_databricks_etl.py took 0.083 seconds
[2025-12-30T16:25:18.655+0000] {processor.py:161} INFO - Started process (PID=328) to work on /opt/airflow/dags/studentRetension_databricks_etl.py
[2025-12-30T16:25:18.656+0000] {processor.py:830} INFO - Processing file /opt/airflow/dags/studentRetension_databricks_etl.py for tasks to queue
[2025-12-30T16:25:18.657+0000] {logging_mixin.py:188} INFO - [2025-12-30T16:25:18.657+0000] {dagbag.py:538} INFO - Filling up the DagBag from /opt/airflow/dags/studentRetension_databricks_etl.py
[2025-12-30T16:25:18.670+0000] {processor.py:840} INFO - DAG(s) 'superstore_databricks_etl' retrieved from /opt/airflow/dags/studentRetension_databricks_etl.py
[2025-12-30T16:24:29.094+0000] {logging_mixin.py:188} INFO - [2025-12-30T16:24:29.094+0000] {dag.py:3036} INFO - Sync 1 DAGs
[2025-12-30T16:24:29.105+0000] {logging_mixin.py:188} INFO - [2025-12-30T16:24:29.104+0000] {dag.py:3823} INFO - Setting next_dagrun for superstore_databricks_etl to None, run_after=None
[2025-12-30T16:24:29.127+0000] {processor.py:183} INFO - Processing /opt/airflow/dags/studentRetension_databricks_etl.py took 0.078 seconds
[2025-12-30T16:24:34.118+0000] {processor.py:161} INFO - Started process (PID=333) to work on /opt/airflow/dags/studentRetension_databricks_etl.py
[2025-12-30T16:24:34.119+0000] {processor.py:830} INFO - Processing file /opt/airflow/dags/studentRetension_databricks_etl.py for tasks to queue
[2025-12-30T16:24:34.120+0000] {logging_mixin.py:188} INFO - [2025-12-30T16:24:34.120+0000] {dagbag.py:538} INFO - Filling up the DagBag from /opt/airflow/dags/studentRetension_databricks_etl.py
[2025-12-30T16:24:34.132+0000] {processor.py:840} INFO - DAG(s) 'superstore_databricks_etl' retrieved from /opt/airflow/dags/studentRetension_databricks_etl.py
[2025-12-30T16:24:34.157+0000] {logging_mixin.py:188} INFO - [2025-12-30T16:24:34.157+0000] {dag.py:3036} INFO - Sync 1 DAGs
[2025-12-30T16:24:34.170+0000] {logging_mixin.py:188} INFO - [2025-12-30T16:24:34.170+0000] {dag.py:3823} INFO - Setting next_dagrun for superstore_databricks_etl to None, run_after=None
[2025-12-30T16:24:34.197+0000] {processor.py:183} INFO - Processing /opt/airflow/dags/studentRetension_databricks_etl.py took 0.084 seconds
[2025-12-30T16:25:36.903+0000] {processor.py:161} INFO - Started process (PID=338) to work on /opt/airflow/dags/studentRetension_databricks_etl.py
[2025-12-30T16:25:36.903+0000] {processor.py:830} INFO - Processing file /opt/airflow/dags/studentRetension_databricks_etl.py for tasks to queue
[2025-12-30T16:25:36.904+0000] {logging_mixin.py:188} INFO - [2025-12-30T16:25:36.904+0000] {dagbag.py:538} INFO - Filling up the DagBag from /opt/airflow/dags/studentRetension_databricks_etl.py
[2025-12-30T16:25:36.916+0000] {processor.py:840} INFO - DAG(s) 'superstore_databricks_etl' retrieved from /opt/airflow/dags/studentRetension_databricks_etl.py
[2025-12-30T16:25:36.939+0000] {logging_mixin.py:188} INFO - [2025-12-30T16:25:36.939+0000] {dag.py:3036} INFO - Sync 1 DAGs
[2025-12-30T16:25:36.950+0000] {logging_mixin.py:188} INFO - [2025-12-30T16:25:36.950+0000] {dag.py:3823} INFO - Setting next_dagrun for superstore_databricks_etl to None, run_after=None
[2025-12-30T16:24:47.369+0000] {processor.py:183} INFO - Processing /opt/airflow/dags/studentRetension_databricks_etl.py took 0.075 seconds
[2025-12-30T16:25:17.588+0000] {processor.py:161} INFO - Started process (PID=343) to work on /opt/airflow/dags/studentRetension_databricks_etl.py
[2025-12-30T16:25:17.591+0000] {processor.py:830} INFO - Processing file /opt/airflow/dags/studentRetension_databricks_etl.py for tasks to queue
[2025-12-30T16:25:17.593+0000] {logging_mixin.py:188} INFO - [2025-12-30T16:25:17.592+0000] {dagbag.py:538} INFO - Filling up the DagBag from /opt/airflow/dags/studentRetension_databricks_etl.py
[2025-12-30T16:25:17.610+0000] {processor.py:840} INFO - DAG(s) 'superstore_databricks_etl' retrieved from /opt/airflow/dags/studentRetension_databricks_etl.py
[2025-12-30T16:25:17.637+0000] {logging_mixin.py:188} INFO - [2025-12-30T16:25:17.637+0000] {dag.py:3036} INFO - Sync 1 DAGs
[2025-12-30T16:25:17.649+0000] {logging_mixin.py:188} INFO - [2025-12-30T16:25:17.649+0000] {dag.py:3823} INFO - Setting next_dagrun for superstore_databricks_etl to None, run_after=None
[2025-12-30T16:25:17.675+0000] {processor.py:183} INFO - Processing /opt/airflow/dags/studentRetension_databricks_etl.py took 0.095 seconds
[2025-12-30T16:25:47.889+0000] {processor.py:161} INFO - Started process (PID=348) to work on /opt/airflow/dags/studentRetension_databricks_etl.py
[2025-12-30T16:25:47.890+0000] {processor.py:830} INFO - Processing file /opt/airflow/dags/studentRetension_databricks_etl.py for tasks to queue
[2025-12-30T16:25:47.891+0000] {logging_mixin.py:188} INFO - [2025-12-30T16:25:47.890+0000] {dagbag.py:538} INFO - Filling up the DagBag from /opt/airflow/dags/studentRetension_databricks_etl.py
[2025-12-30T16:25:47.902+0000] {processor.py:840} INFO - DAG(s) 'superstore_databricks_etl' retrieved from /opt/airflow/dags/studentRetension_databricks_etl.py
[2025-12-30T16:25:47.925+0000] {logging_mixin.py:188} INFO - [2025-12-30T16:25:47.925+0000] {dag.py:3036} INFO - Sync 1 DAGs
[2025-12-30T16:25:47.937+0000] {logging_mixin.py:188} INFO - [2025-12-30T16:25:47.936+0000] {dag.py:3823} INFO - Setting next_dagrun for superstore_databricks_etl to None, run_after=None
[2025-12-30T16:25:47.959+0000] {processor.py:183} INFO - Processing /opt/airflow/dags/studentRetension_databricks_etl.py took 0.074 seconds
[2025-12-30T16:26:58.732+0000] {processor.py:161} INFO - Started process (PID=353) to work on /opt/airflow/dags/studentRetension_databricks_etl.py
[2025-12-30T16:26:58.733+0000] {processor.py:830} INFO - Processing file /opt/airflow/dags/studentRetension_databricks_etl.py for tasks to queue
[2025-12-30T16:26:58.734+0000] {logging_mixin.py:188} INFO - [2025-12-30T16:26:58.734+0000] {dagbag.py:538} INFO - Filling up the DagBag from /opt/airflow/dags/studentRetension_databricks_etl.py
[2025-12-30T16:26:58.747+0000] {processor.py:840} INFO - DAG(s) 'superstore_databricks_etl' retrieved from /opt/airflow/dags/studentRetension_databricks_etl.py
[2025-12-30T16:26:58.773+0000] {logging_mixin.py:188} INFO - [2025-12-30T16:26:58.773+0000] {dag.py:3036} INFO - Sync 1 DAGs
[2025-12-30T16:26:58.783+0000] {logging_mixin.py:188} INFO - [2025-12-30T16:26:58.783+0000] {dag.py:3823} INFO - Setting next_dagrun for superstore_databricks_etl to None, run_after=None
[2025-12-30T16:26:58.800+0000] {processor.py:183} INFO - Processing /opt/airflow/dags/studentRetension_databricks_etl.py took 0.071 seconds
[2025-12-30T16:26:47.422+0000] {processor.py:161} INFO - Started process (PID=358) to work on /opt/airflow/dags/studentRetension_databricks_etl.py
[2025-12-30T16:26:47.425+0000] {processor.py:830} INFO - Processing file /opt/airflow/dags/studentRetension_databricks_etl.py for tasks to queue
[2025-12-30T16:26:47.427+0000] {logging_mixin.py:188} INFO - [2025-12-30T16:26:47.426+0000] {dagbag.py:538} INFO - Filling up the DagBag from /opt/airflow/dags/studentRetension_databricks_etl.py
[2025-12-30T16:26:47.470+0000] {processor.py:840} INFO - DAG(s) 'superstore_databricks_etl' retrieved from /opt/airflow/dags/studentRetension_databricks_etl.py
[2025-12-30T16:26:47.498+0000] {logging_mixin.py:188} INFO - [2025-12-30T16:26:47.498+0000] {dag.py:3036} INFO - Sync 1 DAGs
[2025-12-30T16:26:47.515+0000] {logging_mixin.py:188} INFO - [2025-12-30T16:26:47.515+0000] {dag.py:3823} INFO - Setting next_dagrun for superstore_databricks_etl to None, run_after=None
[2025-12-30T16:26:47.533+0000] {processor.py:183} INFO - Processing /opt/airflow/dags/studentRetension_databricks_etl.py took 0.115 seconds
