[2025-12-30T15:49:52.804+0000] {processor.py:161} INFO - Started process (PID=167) to work on /opt/airflow/dags/superstore_databricks_etl.py
[2025-12-30T15:49:52.806+0000] {processor.py:830} INFO - Processing file /opt/airflow/dags/superstore_databricks_etl.py for tasks to queue
[2025-12-30T15:49:52.807+0000] {logging_mixin.py:188} INFO - [2025-12-30T15:49:52.807+0000] {dagbag.py:538} INFO - Filling up the DagBag from /opt/airflow/dags/superstore_databricks_etl.py
[2025-12-30T15:49:52.832+0000] {processor.py:840} INFO - DAG(s) 'superstore_databricks_etl' retrieved from /opt/airflow/dags/superstore_databricks_etl.py
[2025-12-30T15:49:52.953+0000] {logging_mixin.py:188} INFO - [2025-12-30T15:49:52.953+0000] {override.py:1769} INFO - Created Permission View: can read on DAG:superstore_databricks_etl
[2025-12-30T15:49:52.973+0000] {logging_mixin.py:188} INFO - [2025-12-30T15:49:52.972+0000] {override.py:1769} INFO - Created Permission View: can edit on DAG:superstore_databricks_etl
[2025-12-30T15:49:52.984+0000] {logging_mixin.py:188} INFO - [2025-12-30T15:49:52.984+0000] {override.py:1769} INFO - Created Permission View: can delete on DAG:superstore_databricks_etl
[2025-12-30T15:49:52.985+0000] {logging_mixin.py:188} INFO - [2025-12-30T15:49:52.985+0000] {dag.py:3036} INFO - Sync 1 DAGs
[2025-12-30T15:49:53.000+0000] {logging_mixin.py:188} INFO - [2025-12-30T15:49:52.999+0000] {dag.py:3058} INFO - Creating ORM DAG for superstore_databricks_etl
[2025-12-30T15:49:53.000+0000] {logging_mixin.py:188} INFO - [2025-12-30T15:49:53.000+0000] {dag.py:3823} INFO - Setting next_dagrun for superstore_databricks_etl to None, run_after=None
[2025-12-30T15:49:53.031+0000] {processor.py:183} INFO - Processing /opt/airflow/dags/superstore_databricks_etl.py took 0.230 seconds
[2025-12-30T15:51:03.561+0000] {processor.py:161} INFO - Started process (PID=175) to work on /opt/airflow/dags/superstore_databricks_etl.py
[2025-12-30T15:51:03.562+0000] {processor.py:830} INFO - Processing file /opt/airflow/dags/superstore_databricks_etl.py for tasks to queue
[2025-12-30T15:51:03.564+0000] {logging_mixin.py:188} INFO - [2025-12-30T15:51:03.563+0000] {dagbag.py:538} INFO - Filling up the DagBag from /opt/airflow/dags/superstore_databricks_etl.py
[2025-12-30T15:51:03.592+0000] {processor.py:840} INFO - DAG(s) 'superstore_databricks_etl' retrieved from /opt/airflow/dags/superstore_databricks_etl.py
[2025-12-30T15:51:03.625+0000] {logging_mixin.py:188} INFO - [2025-12-30T15:51:03.625+0000] {dag.py:3036} INFO - Sync 1 DAGs
[2025-12-30T15:51:03.639+0000] {logging_mixin.py:188} INFO - [2025-12-30T15:51:03.639+0000] {dag.py:3823} INFO - Setting next_dagrun for superstore_databricks_etl to None, run_after=None
[2025-12-30T15:51:03.666+0000] {processor.py:183} INFO - Processing /opt/airflow/dags/superstore_databricks_etl.py took 0.110 seconds
[2025-12-30T15:51:33.770+0000] {processor.py:161} INFO - Started process (PID=180) to work on /opt/airflow/dags/superstore_databricks_etl.py
[2025-12-30T15:51:33.772+0000] {processor.py:830} INFO - Processing file /opt/airflow/dags/superstore_databricks_etl.py for tasks to queue
[2025-12-30T15:51:33.774+0000] {logging_mixin.py:188} INFO - [2025-12-30T15:51:33.773+0000] {dagbag.py:538} INFO - Filling up the DagBag from /opt/airflow/dags/superstore_databricks_etl.py
[2025-12-30T15:51:33.804+0000] {processor.py:840} INFO - DAG(s) 'superstore_databricks_etl' retrieved from /opt/airflow/dags/superstore_databricks_etl.py
[2025-12-30T15:51:33.849+0000] {logging_mixin.py:188} INFO - [2025-12-30T15:51:33.849+0000] {dag.py:3036} INFO - Sync 1 DAGs
[2025-12-30T15:51:33.872+0000] {logging_mixin.py:188} INFO - [2025-12-30T15:51:33.870+0000] {dag.py:3823} INFO - Setting next_dagrun for superstore_databricks_etl to None, run_after=None
[2025-12-30T15:51:33.900+0000] {processor.py:183} INFO - Processing /opt/airflow/dags/superstore_databricks_etl.py took 0.140 seconds
[2025-12-30T15:52:04.084+0000] {processor.py:161} INFO - Started process (PID=185) to work on /opt/airflow/dags/superstore_databricks_etl.py
[2025-12-30T15:52:04.085+0000] {processor.py:830} INFO - Processing file /opt/airflow/dags/superstore_databricks_etl.py for tasks to queue
[2025-12-30T15:52:04.087+0000] {logging_mixin.py:188} INFO - [2025-12-30T15:52:04.087+0000] {dagbag.py:538} INFO - Filling up the DagBag from /opt/airflow/dags/superstore_databricks_etl.py
[2025-12-30T15:52:04.118+0000] {processor.py:840} INFO - DAG(s) 'superstore_databricks_etl' retrieved from /opt/airflow/dags/superstore_databricks_etl.py
[2025-12-30T15:52:04.179+0000] {logging_mixin.py:188} INFO - [2025-12-30T15:52:04.179+0000] {dag.py:3036} INFO - Sync 1 DAGs
[2025-12-30T15:52:04.210+0000] {logging_mixin.py:188} INFO - [2025-12-30T15:52:04.210+0000] {dag.py:3823} INFO - Setting next_dagrun for superstore_databricks_etl to None, run_after=None
[2025-12-30T15:52:04.324+0000] {processor.py:183} INFO - Processing /opt/airflow/dags/superstore_databricks_etl.py took 0.244 seconds
[2025-12-30T15:52:34.570+0000] {processor.py:161} INFO - Started process (PID=190) to work on /opt/airflow/dags/superstore_databricks_etl.py
[2025-12-30T15:52:34.572+0000] {processor.py:830} INFO - Processing file /opt/airflow/dags/superstore_databricks_etl.py for tasks to queue
[2025-12-30T15:52:34.573+0000] {logging_mixin.py:188} INFO - [2025-12-30T15:52:34.573+0000] {dagbag.py:538} INFO - Filling up the DagBag from /opt/airflow/dags/superstore_databricks_etl.py
[2025-12-30T15:52:34.595+0000] {processor.py:840} INFO - DAG(s) 'superstore_databricks_etl' retrieved from /opt/airflow/dags/superstore_databricks_etl.py
[2025-12-30T15:52:34.626+0000] {logging_mixin.py:188} INFO - [2025-12-30T15:52:34.625+0000] {dag.py:3036} INFO - Sync 1 DAGs
[2025-12-30T15:52:34.638+0000] {logging_mixin.py:188} INFO - [2025-12-30T15:52:34.637+0000] {dag.py:3823} INFO - Setting next_dagrun for superstore_databricks_etl to None, run_after=None
[2025-12-30T15:52:34.659+0000] {processor.py:183} INFO - Processing /opt/airflow/dags/superstore_databricks_etl.py took 0.093 seconds
[2025-12-30T15:53:27.942+0000] {processor.py:161} INFO - Started process (PID=195) to work on /opt/airflow/dags/superstore_databricks_etl.py
[2025-12-30T15:53:27.943+0000] {processor.py:830} INFO - Processing file /opt/airflow/dags/superstore_databricks_etl.py for tasks to queue
[2025-12-30T15:53:27.945+0000] {logging_mixin.py:188} INFO - [2025-12-30T15:53:27.944+0000] {dagbag.py:538} INFO - Filling up the DagBag from /opt/airflow/dags/superstore_databricks_etl.py
[2025-12-30T15:53:27.957+0000] {processor.py:840} INFO - DAG(s) 'superstore_databricks_etl' retrieved from /opt/airflow/dags/superstore_databricks_etl.py
[2025-12-30T15:53:27.984+0000] {logging_mixin.py:188} INFO - [2025-12-30T15:53:27.984+0000] {dag.py:3036} INFO - Sync 1 DAGs
[2025-12-30T15:53:27.996+0000] {logging_mixin.py:188} INFO - [2025-12-30T15:53:27.996+0000] {dag.py:3823} INFO - Setting next_dagrun for superstore_databricks_etl to None, run_after=None
[2025-12-30T15:53:28.024+0000] {processor.py:183} INFO - Processing /opt/airflow/dags/superstore_databricks_etl.py took 0.085 seconds
[2025-12-30T15:54:02.963+0000] {processor.py:161} INFO - Started process (PID=202) to work on /opt/airflow/dags/superstore_databricks_etl.py
[2025-12-30T15:54:02.964+0000] {processor.py:830} INFO - Processing file /opt/airflow/dags/superstore_databricks_etl.py for tasks to queue
[2025-12-30T15:54:02.965+0000] {logging_mixin.py:188} INFO - [2025-12-30T15:54:02.964+0000] {dagbag.py:538} INFO - Filling up the DagBag from /opt/airflow/dags/superstore_databricks_etl.py
[2025-12-30T15:54:02.974+0000] {processor.py:840} INFO - DAG(s) 'superstore_databricks_etl' retrieved from /opt/airflow/dags/superstore_databricks_etl.py
[2025-12-30T15:54:03.000+0000] {logging_mixin.py:188} INFO - [2025-12-30T15:54:03.000+0000] {dag.py:3036} INFO - Sync 1 DAGs
[2025-12-30T15:54:03.011+0000] {logging_mixin.py:188} INFO - [2025-12-30T15:54:03.011+0000] {dag.py:3823} INFO - Setting next_dagrun for superstore_databricks_etl to None, run_after=None
[2025-12-30T15:54:03.038+0000] {processor.py:183} INFO - Processing /opt/airflow/dags/superstore_databricks_etl.py took 0.078 seconds
[2025-12-30T15:54:33.728+0000] {processor.py:161} INFO - Started process (PID=207) to work on /opt/airflow/dags/superstore_databricks_etl.py
[2025-12-30T15:54:33.730+0000] {processor.py:830} INFO - Processing file /opt/airflow/dags/superstore_databricks_etl.py for tasks to queue
[2025-12-30T15:54:33.732+0000] {logging_mixin.py:188} INFO - [2025-12-30T15:54:33.731+0000] {dagbag.py:538} INFO - Filling up the DagBag from /opt/airflow/dags/superstore_databricks_etl.py
[2025-12-30T15:54:33.756+0000] {processor.py:840} INFO - DAG(s) 'superstore_databricks_etl' retrieved from /opt/airflow/dags/superstore_databricks_etl.py
[2025-12-30T15:54:33.800+0000] {logging_mixin.py:188} INFO - [2025-12-30T15:54:33.800+0000] {dag.py:3036} INFO - Sync 1 DAGs
[2025-12-30T15:54:33.822+0000] {logging_mixin.py:188} INFO - [2025-12-30T15:54:33.822+0000] {dag.py:3823} INFO - Setting next_dagrun for superstore_databricks_etl to None, run_after=None
[2025-12-30T15:54:33.862+0000] {processor.py:183} INFO - Processing /opt/airflow/dags/superstore_databricks_etl.py took 0.138 seconds
[2025-12-30T15:55:38.557+0000] {processor.py:161} INFO - Started process (PID=213) to work on /opt/airflow/dags/superstore_databricks_etl.py
[2025-12-30T15:55:38.559+0000] {processor.py:830} INFO - Processing file /opt/airflow/dags/superstore_databricks_etl.py for tasks to queue
[2025-12-30T15:55:38.560+0000] {logging_mixin.py:188} INFO - [2025-12-30T15:55:38.559+0000] {dagbag.py:538} INFO - Filling up the DagBag from /opt/airflow/dags/superstore_databricks_etl.py
[2025-12-30T15:55:38.576+0000] {processor.py:840} INFO - DAG(s) 'superstore_databricks_etl' retrieved from /opt/airflow/dags/superstore_databricks_etl.py
[2025-12-30T15:55:38.611+0000] {logging_mixin.py:188} INFO - [2025-12-30T15:55:38.611+0000] {dag.py:3036} INFO - Sync 1 DAGs
[2025-12-30T15:55:38.639+0000] {logging_mixin.py:188} INFO - [2025-12-30T15:55:38.639+0000] {dag.py:3823} INFO - Setting next_dagrun for superstore_databricks_etl to None, run_after=None
[2025-12-30T15:55:38.662+0000] {processor.py:183} INFO - Processing /opt/airflow/dags/superstore_databricks_etl.py took 0.110 seconds
[2025-12-30T15:56:08.746+0000] {processor.py:161} INFO - Started process (PID=218) to work on /opt/airflow/dags/superstore_databricks_etl.py
[2025-12-30T15:56:08.747+0000] {processor.py:830} INFO - Processing file /opt/airflow/dags/superstore_databricks_etl.py for tasks to queue
[2025-12-30T15:56:08.748+0000] {logging_mixin.py:188} INFO - [2025-12-30T15:56:08.748+0000] {dagbag.py:538} INFO - Filling up the DagBag from /opt/airflow/dags/superstore_databricks_etl.py
[2025-12-30T15:56:08.760+0000] {processor.py:840} INFO - DAG(s) 'superstore_databricks_etl' retrieved from /opt/airflow/dags/superstore_databricks_etl.py
[2025-12-30T15:56:08.786+0000] {logging_mixin.py:188} INFO - [2025-12-30T15:56:08.786+0000] {dag.py:3036} INFO - Sync 1 DAGs
[2025-12-30T15:56:08.797+0000] {logging_mixin.py:188} INFO - [2025-12-30T15:56:08.797+0000] {dag.py:3823} INFO - Setting next_dagrun for superstore_databricks_etl to None, run_after=None
[2025-12-30T15:56:08.824+0000] {processor.py:183} INFO - Processing /opt/airflow/dags/superstore_databricks_etl.py took 0.082 seconds
[2025-12-30T15:56:43.067+0000] {processor.py:161} INFO - Started process (PID=223) to work on /opt/airflow/dags/superstore_databricks_etl.py
[2025-12-30T15:56:43.068+0000] {processor.py:830} INFO - Processing file /opt/airflow/dags/superstore_databricks_etl.py for tasks to queue
[2025-12-30T15:56:43.070+0000] {logging_mixin.py:188} INFO - [2025-12-30T15:56:43.069+0000] {dagbag.py:538} INFO - Filling up the DagBag from /opt/airflow/dags/superstore_databricks_etl.py
[2025-12-30T15:56:43.087+0000] {processor.py:840} INFO - DAG(s) 'superstore_databricks_etl' retrieved from /opt/airflow/dags/superstore_databricks_etl.py
[2025-12-30T15:55:53.518+0000] {logging_mixin.py:188} INFO - [2025-12-30T15:55:53.517+0000] {dag.py:3036} INFO - Sync 1 DAGs
[2025-12-30T15:55:53.531+0000] {logging_mixin.py:188} INFO - [2025-12-30T15:55:53.531+0000] {dag.py:3823} INFO - Setting next_dagrun for superstore_databricks_etl to None, run_after=None
[2025-12-30T15:55:53.561+0000] {processor.py:183} INFO - Processing /opt/airflow/dags/superstore_databricks_etl.py took 0.103 seconds
[2025-12-30T15:55:58.533+0000] {processor.py:161} INFO - Started process (PID=228) to work on /opt/airflow/dags/superstore_databricks_etl.py
[2025-12-30T15:55:58.534+0000] {processor.py:830} INFO - Processing file /opt/airflow/dags/superstore_databricks_etl.py for tasks to queue
[2025-12-30T15:55:58.536+0000] {logging_mixin.py:188} INFO - [2025-12-30T15:55:58.535+0000] {dagbag.py:538} INFO - Filling up the DagBag from /opt/airflow/dags/superstore_databricks_etl.py
[2025-12-30T15:55:58.553+0000] {processor.py:840} INFO - DAG(s) 'superstore_databricks_etl' retrieved from /opt/airflow/dags/superstore_databricks_etl.py
[2025-12-30T15:55:58.579+0000] {logging_mixin.py:188} INFO - [2025-12-30T15:55:58.579+0000] {dag.py:3036} INFO - Sync 1 DAGs
[2025-12-30T15:55:58.596+0000] {logging_mixin.py:188} INFO - [2025-12-30T15:55:58.596+0000] {dag.py:3823} INFO - Setting next_dagrun for superstore_databricks_etl to None, run_after=None
[2025-12-30T15:55:58.624+0000] {processor.py:183} INFO - Processing /opt/airflow/dags/superstore_databricks_etl.py took 0.094 seconds
[2025-12-30T15:56:28.815+0000] {processor.py:161} INFO - Started process (PID=233) to work on /opt/airflow/dags/superstore_databricks_etl.py
[2025-12-30T15:56:28.817+0000] {processor.py:830} INFO - Processing file /opt/airflow/dags/superstore_databricks_etl.py for tasks to queue
[2025-12-30T15:56:28.817+0000] {logging_mixin.py:188} INFO - [2025-12-30T15:56:28.817+0000] {dagbag.py:538} INFO - Filling up the DagBag from /opt/airflow/dags/superstore_databricks_etl.py
[2025-12-30T15:56:28.831+0000] {processor.py:840} INFO - DAG(s) 'superstore_databricks_etl' retrieved from /opt/airflow/dags/superstore_databricks_etl.py
[2025-12-30T15:56:28.853+0000] {logging_mixin.py:188} INFO - [2025-12-30T15:56:28.853+0000] {dag.py:3036} INFO - Sync 1 DAGs
[2025-12-30T15:56:28.865+0000] {logging_mixin.py:188} INFO - [2025-12-30T15:56:28.865+0000] {dag.py:3823} INFO - Setting next_dagrun for superstore_databricks_etl to None, run_after=None
[2025-12-30T15:56:28.891+0000] {processor.py:183} INFO - Processing /opt/airflow/dags/superstore_databricks_etl.py took 0.080 seconds
[2025-12-30T15:56:59.059+0000] {processor.py:161} INFO - Started process (PID=238) to work on /opt/airflow/dags/superstore_databricks_etl.py
[2025-12-30T15:56:59.061+0000] {processor.py:830} INFO - Processing file /opt/airflow/dags/superstore_databricks_etl.py for tasks to queue
[2025-12-30T15:56:59.062+0000] {logging_mixin.py:188} INFO - [2025-12-30T15:56:59.062+0000] {dagbag.py:538} INFO - Filling up the DagBag from /opt/airflow/dags/superstore_databricks_etl.py
[2025-12-30T15:56:59.086+0000] {processor.py:840} INFO - DAG(s) 'superstore_databricks_etl' retrieved from /opt/airflow/dags/superstore_databricks_etl.py
[2025-12-30T15:56:59.122+0000] {logging_mixin.py:188} INFO - [2025-12-30T15:56:59.122+0000] {dag.py:3036} INFO - Sync 1 DAGs
[2025-12-30T15:56:59.138+0000] {logging_mixin.py:188} INFO - [2025-12-30T15:56:59.137+0000] {dag.py:3823} INFO - Setting next_dagrun for superstore_databricks_etl to None, run_after=None
[2025-12-30T15:56:59.160+0000] {processor.py:183} INFO - Processing /opt/airflow/dags/superstore_databricks_etl.py took 0.106 seconds
[2025-12-30T15:58:08.773+0000] {processor.py:161} INFO - Started process (PID=245) to work on /opt/airflow/dags/superstore_databricks_etl.py
[2025-12-30T15:58:08.775+0000] {processor.py:830} INFO - Processing file /opt/airflow/dags/superstore_databricks_etl.py for tasks to queue
[2025-12-30T15:58:08.776+0000] {logging_mixin.py:188} INFO - [2025-12-30T15:58:08.776+0000] {dagbag.py:538} INFO - Filling up the DagBag from /opt/airflow/dags/superstore_databricks_etl.py
[2025-12-30T15:58:08.787+0000] {processor.py:840} INFO - DAG(s) 'superstore_databricks_etl' retrieved from /opt/airflow/dags/superstore_databricks_etl.py
[2025-12-30T15:57:19.221+0000] {logging_mixin.py:188} INFO - [2025-12-30T15:57:19.220+0000] {dag.py:3036} INFO - Sync 1 DAGs
[2025-12-30T15:57:19.234+0000] {logging_mixin.py:188} INFO - [2025-12-30T15:57:19.234+0000] {dag.py:3823} INFO - Setting next_dagrun for superstore_databricks_etl to None, run_after=None
[2025-12-30T15:57:19.259+0000] {processor.py:183} INFO - Processing /opt/airflow/dags/superstore_databricks_etl.py took 0.088 seconds
[2025-12-30T15:58:27.967+0000] {processor.py:161} INFO - Started process (PID=250) to work on /opt/airflow/dags/superstore_databricks_etl.py
[2025-12-30T15:58:27.968+0000] {processor.py:830} INFO - Processing file /opt/airflow/dags/superstore_databricks_etl.py for tasks to queue
[2025-12-30T15:58:27.969+0000] {logging_mixin.py:188} INFO - [2025-12-30T15:58:27.969+0000] {dagbag.py:538} INFO - Filling up the DagBag from /opt/airflow/dags/superstore_databricks_etl.py
[2025-12-30T15:58:27.987+0000] {processor.py:840} INFO - DAG(s) 'superstore_databricks_etl' retrieved from /opt/airflow/dags/superstore_databricks_etl.py
[2025-12-30T15:58:28.013+0000] {logging_mixin.py:188} INFO - [2025-12-30T15:58:28.013+0000] {dag.py:3036} INFO - Sync 1 DAGs
[2025-12-30T15:58:28.023+0000] {logging_mixin.py:188} INFO - [2025-12-30T15:58:28.023+0000] {dag.py:3823} INFO - Setting next_dagrun for superstore_databricks_etl to None, run_after=None
[2025-12-30T15:58:28.048+0000] {processor.py:183} INFO - Processing /opt/airflow/dags/superstore_databricks_etl.py took 0.083 seconds
[2025-12-30T15:59:03.842+0000] {processor.py:161} INFO - Started process (PID=256) to work on /opt/airflow/dags/superstore_databricks_etl.py
[2025-12-30T15:59:03.843+0000] {processor.py:830} INFO - Processing file /opt/airflow/dags/superstore_databricks_etl.py for tasks to queue
[2025-12-30T15:59:03.844+0000] {logging_mixin.py:188} INFO - [2025-12-30T15:59:03.844+0000] {dagbag.py:538} INFO - Filling up the DagBag from /opt/airflow/dags/superstore_databricks_etl.py
[2025-12-30T15:59:03.860+0000] {processor.py:840} INFO - DAG(s) 'superstore_databricks_etl' retrieved from /opt/airflow/dags/superstore_databricks_etl.py
[2025-12-30T15:59:03.888+0000] {logging_mixin.py:188} INFO - [2025-12-30T15:59:03.887+0000] {dag.py:3036} INFO - Sync 1 DAGs
[2025-12-30T15:59:03.900+0000] {logging_mixin.py:188} INFO - [2025-12-30T15:59:03.900+0000] {dag.py:3823} INFO - Setting next_dagrun for superstore_databricks_etl to None, run_after=None
[2025-12-30T15:59:03.926+0000] {processor.py:183} INFO - Processing /opt/airflow/dags/superstore_databricks_etl.py took 0.087 seconds
[2025-12-30T15:59:34.063+0000] {processor.py:161} INFO - Started process (PID=263) to work on /opt/airflow/dags/superstore_databricks_etl.py
[2025-12-30T15:59:34.065+0000] {processor.py:830} INFO - Processing file /opt/airflow/dags/superstore_databricks_etl.py for tasks to queue
[2025-12-30T15:59:34.066+0000] {logging_mixin.py:188} INFO - [2025-12-30T15:59:34.065+0000] {dagbag.py:538} INFO - Filling up the DagBag from /opt/airflow/dags/superstore_databricks_etl.py
[2025-12-30T15:59:34.082+0000] {processor.py:840} INFO - DAG(s) 'superstore_databricks_etl' retrieved from /opt/airflow/dags/superstore_databricks_etl.py
[2025-12-30T15:59:34.111+0000] {logging_mixin.py:188} INFO - [2025-12-30T15:59:34.111+0000] {dag.py:3036} INFO - Sync 1 DAGs
[2025-12-30T15:59:34.125+0000] {logging_mixin.py:188} INFO - [2025-12-30T15:59:34.125+0000] {dag.py:3823} INFO - Setting next_dagrun for superstore_databricks_etl to None, run_after=None
[2025-12-30T15:59:34.158+0000] {processor.py:183} INFO - Processing /opt/airflow/dags/superstore_databricks_etl.py took 0.098 seconds
[2025-12-30T16:00:08.295+0000] {processor.py:161} INFO - Started process (PID=268) to work on /opt/airflow/dags/superstore_databricks_etl.py
[2025-12-30T16:00:08.296+0000] {processor.py:830} INFO - Processing file /opt/airflow/dags/superstore_databricks_etl.py for tasks to queue
[2025-12-30T16:00:08.298+0000] {logging_mixin.py:188} INFO - [2025-12-30T16:00:08.297+0000] {dagbag.py:538} INFO - Filling up the DagBag from /opt/airflow/dags/superstore_databricks_etl.py
[2025-12-30T16:00:08.319+0000] {processor.py:840} INFO - DAG(s) 'superstore_databricks_etl' retrieved from /opt/airflow/dags/superstore_databricks_etl.py
[2025-12-30T16:00:08.355+0000] {logging_mixin.py:188} INFO - [2025-12-30T16:00:08.354+0000] {dag.py:3036} INFO - Sync 1 DAGs
[2025-12-30T16:00:08.369+0000] {logging_mixin.py:188} INFO - [2025-12-30T16:00:08.369+0000] {dag.py:3823} INFO - Setting next_dagrun for superstore_databricks_etl to None, run_after=None
[2025-12-30T16:00:08.398+0000] {processor.py:183} INFO - Processing /opt/airflow/dags/superstore_databricks_etl.py took 0.108 seconds
[2025-12-30T16:00:38.529+0000] {processor.py:161} INFO - Started process (PID=274) to work on /opt/airflow/dags/superstore_databricks_etl.py
[2025-12-30T16:00:38.530+0000] {processor.py:830} INFO - Processing file /opt/airflow/dags/superstore_databricks_etl.py for tasks to queue
[2025-12-30T16:00:38.531+0000] {logging_mixin.py:188} INFO - [2025-12-30T16:00:38.531+0000] {dagbag.py:538} INFO - Filling up the DagBag from /opt/airflow/dags/superstore_databricks_etl.py
[2025-12-30T16:00:38.545+0000] {processor.py:840} INFO - DAG(s) 'superstore_databricks_etl' retrieved from /opt/airflow/dags/superstore_databricks_etl.py
[2025-12-30T16:00:38.576+0000] {logging_mixin.py:188} INFO - [2025-12-30T16:00:38.576+0000] {dag.py:3036} INFO - Sync 1 DAGs
[2025-12-30T16:00:38.592+0000] {logging_mixin.py:188} INFO - [2025-12-30T16:00:38.592+0000] {dag.py:3823} INFO - Setting next_dagrun for superstore_databricks_etl to None, run_after=None
[2025-12-30T16:00:38.622+0000] {processor.py:183} INFO - Processing /opt/airflow/dags/superstore_databricks_etl.py took 0.096 seconds
[2025-12-30T16:01:08.717+0000] {processor.py:161} INFO - Started process (PID=281) to work on /opt/airflow/dags/superstore_databricks_etl.py
[2025-12-30T16:01:08.718+0000] {processor.py:830} INFO - Processing file /opt/airflow/dags/superstore_databricks_etl.py for tasks to queue
[2025-12-30T16:01:08.719+0000] {logging_mixin.py:188} INFO - [2025-12-30T16:01:08.718+0000] {dagbag.py:538} INFO - Filling up the DagBag from /opt/airflow/dags/superstore_databricks_etl.py
[2025-12-30T16:01:08.730+0000] {processor.py:840} INFO - DAG(s) 'superstore_databricks_etl' retrieved from /opt/airflow/dags/superstore_databricks_etl.py
[2025-12-30T16:01:08.760+0000] {logging_mixin.py:188} INFO - [2025-12-30T16:01:08.760+0000] {dag.py:3036} INFO - Sync 1 DAGs
[2025-12-30T16:01:08.776+0000] {logging_mixin.py:188} INFO - [2025-12-30T16:01:08.775+0000] {dag.py:3823} INFO - Setting next_dagrun for superstore_databricks_etl to None, run_after=None
[2025-12-30T16:01:08.803+0000] {processor.py:183} INFO - Processing /opt/airflow/dags/superstore_databricks_etl.py took 0.090 seconds
[2025-12-30T16:01:38.960+0000] {processor.py:161} INFO - Started process (PID=286) to work on /opt/airflow/dags/superstore_databricks_etl.py
[2025-12-30T16:01:38.961+0000] {processor.py:830} INFO - Processing file /opt/airflow/dags/superstore_databricks_etl.py for tasks to queue
[2025-12-30T16:01:38.962+0000] {logging_mixin.py:188} INFO - [2025-12-30T16:01:38.961+0000] {dagbag.py:538} INFO - Filling up the DagBag from /opt/airflow/dags/superstore_databricks_etl.py
[2025-12-30T16:01:38.974+0000] {processor.py:840} INFO - DAG(s) 'superstore_databricks_etl' retrieved from /opt/airflow/dags/superstore_databricks_etl.py
[2025-12-30T16:01:39.004+0000] {logging_mixin.py:188} INFO - [2025-12-30T16:01:39.004+0000] {dag.py:3036} INFO - Sync 1 DAGs
[2025-12-30T16:01:39.019+0000] {logging_mixin.py:188} INFO - [2025-12-30T16:01:39.019+0000] {dag.py:3823} INFO - Setting next_dagrun for superstore_databricks_etl to None, run_after=None
[2025-12-30T16:01:39.051+0000] {processor.py:183} INFO - Processing /opt/airflow/dags/superstore_databricks_etl.py took 0.094 seconds
[2025-12-30T16:02:09.179+0000] {processor.py:161} INFO - Started process (PID=291) to work on /opt/airflow/dags/superstore_databricks_etl.py
[2025-12-30T16:02:09.181+0000] {processor.py:830} INFO - Processing file /opt/airflow/dags/superstore_databricks_etl.py for tasks to queue
[2025-12-30T16:02:09.183+0000] {logging_mixin.py:188} INFO - [2025-12-30T16:02:09.182+0000] {dagbag.py:538} INFO - Filling up the DagBag from /opt/airflow/dags/superstore_databricks_etl.py
[2025-12-30T16:02:09.221+0000] {processor.py:840} INFO - DAG(s) 'superstore_databricks_etl' retrieved from /opt/airflow/dags/superstore_databricks_etl.py
[2025-12-30T16:02:09.278+0000] {logging_mixin.py:188} INFO - [2025-12-30T16:02:09.278+0000] {dag.py:3036} INFO - Sync 1 DAGs
[2025-12-30T16:02:09.391+0000] {logging_mixin.py:188} INFO - [2025-12-30T16:02:09.390+0000] {dag.py:3823} INFO - Setting next_dagrun for superstore_databricks_etl to None, run_after=None
[2025-12-30T16:02:09.454+0000] {processor.py:183} INFO - Processing /opt/airflow/dags/superstore_databricks_etl.py took 0.286 seconds
[2025-12-30T16:03:13.043+0000] {processor.py:161} INFO - Started process (PID=296) to work on /opt/airflow/dags/superstore_databricks_etl.py
[2025-12-30T16:03:13.045+0000] {processor.py:830} INFO - Processing file /opt/airflow/dags/superstore_databricks_etl.py for tasks to queue
[2025-12-30T16:03:13.047+0000] {logging_mixin.py:188} INFO - [2025-12-30T16:03:13.047+0000] {dagbag.py:538} INFO - Filling up the DagBag from /opt/airflow/dags/superstore_databricks_etl.py
[2025-12-30T16:03:13.077+0000] {processor.py:840} INFO - DAG(s) 'superstore_databricks_etl' retrieved from /opt/airflow/dags/superstore_databricks_etl.py
[2025-12-30T16:03:13.134+0000] {logging_mixin.py:188} INFO - [2025-12-30T16:03:13.134+0000] {dag.py:3036} INFO - Sync 1 DAGs
[2025-12-30T16:02:23.570+0000] {logging_mixin.py:188} INFO - [2025-12-30T16:02:23.569+0000] {dag.py:3823} INFO - Setting next_dagrun for superstore_databricks_etl to None, run_after=None
[2025-12-30T16:02:23.614+0000] {processor.py:183} INFO - Processing /opt/airflow/dags/superstore_databricks_etl.py took 0.164 seconds
[2025-12-30T16:03:18.119+0000] {processor.py:161} INFO - Started process (PID=301) to work on /opt/airflow/dags/superstore_databricks_etl.py
[2025-12-30T16:03:18.121+0000] {processor.py:830} INFO - Processing file /opt/airflow/dags/superstore_databricks_etl.py for tasks to queue
[2025-12-30T16:03:18.122+0000] {logging_mixin.py:188} INFO - [2025-12-30T16:03:18.122+0000] {dagbag.py:538} INFO - Filling up the DagBag from /opt/airflow/dags/superstore_databricks_etl.py
[2025-12-30T16:03:18.144+0000] {processor.py:840} INFO - DAG(s) 'superstore_databricks_etl' retrieved from /opt/airflow/dags/superstore_databricks_etl.py
[2025-12-30T16:03:18.182+0000] {logging_mixin.py:188} INFO - [2025-12-30T16:03:18.182+0000] {dag.py:3036} INFO - Sync 1 DAGs
[2025-12-30T16:03:18.199+0000] {logging_mixin.py:188} INFO - [2025-12-30T16:03:18.199+0000] {dag.py:3823} INFO - Setting next_dagrun for superstore_databricks_etl to None, run_after=None
[2025-12-30T16:03:18.234+0000] {processor.py:183} INFO - Processing /opt/airflow/dags/superstore_databricks_etl.py took 0.120 seconds
[2025-12-30T16:03:48.384+0000] {processor.py:161} INFO - Started process (PID=310) to work on /opt/airflow/dags/superstore_databricks_etl.py
[2025-12-30T16:03:48.386+0000] {processor.py:830} INFO - Processing file /opt/airflow/dags/superstore_databricks_etl.py for tasks to queue
[2025-12-30T16:03:48.387+0000] {logging_mixin.py:188} INFO - [2025-12-30T16:03:48.387+0000] {dagbag.py:538} INFO - Filling up the DagBag from /opt/airflow/dags/superstore_databricks_etl.py
[2025-12-30T16:03:48.413+0000] {processor.py:840} INFO - DAG(s) 'superstore_databricks_etl' retrieved from /opt/airflow/dags/superstore_databricks_etl.py
[2025-12-30T16:03:48.460+0000] {logging_mixin.py:188} INFO - [2025-12-30T16:03:48.460+0000] {dag.py:3036} INFO - Sync 1 DAGs
[2025-12-30T16:03:48.484+0000] {logging_mixin.py:188} INFO - [2025-12-30T16:03:48.484+0000] {dag.py:3823} INFO - Setting next_dagrun for superstore_databricks_etl to None, run_after=None
[2025-12-30T16:03:48.521+0000] {processor.py:183} INFO - Processing /opt/airflow/dags/superstore_databricks_etl.py took 0.143 seconds
[2025-12-30T16:04:49.019+0000] {processor.py:161} INFO - Started process (PID=320) to work on /opt/airflow/dags/superstore_databricks_etl.py
[2025-12-30T16:04:49.021+0000] {processor.py:830} INFO - Processing file /opt/airflow/dags/superstore_databricks_etl.py for tasks to queue
[2025-12-30T16:04:49.024+0000] {logging_mixin.py:188} INFO - [2025-12-30T16:04:49.023+0000] {dagbag.py:538} INFO - Filling up the DagBag from /opt/airflow/dags/superstore_databricks_etl.py
[2025-12-30T16:04:49.058+0000] {processor.py:840} INFO - DAG(s) 'superstore_databricks_etl' retrieved from /opt/airflow/dags/superstore_databricks_etl.py
[2025-12-30T16:04:49.102+0000] {logging_mixin.py:188} INFO - [2025-12-30T16:04:49.102+0000] {dag.py:3036} INFO - Sync 1 DAGs
[2025-12-30T16:04:49.137+0000] {logging_mixin.py:188} INFO - [2025-12-30T16:04:49.136+0000] {dag.py:3823} INFO - Setting next_dagrun for superstore_databricks_etl to None, run_after=None
[2025-12-30T16:04:49.172+0000] {processor.py:183} INFO - Processing /opt/airflow/dags/superstore_databricks_etl.py took 0.160 seconds
[2025-12-30T16:05:38.412+0000] {processor.py:161} INFO - Started process (PID=326) to work on /opt/airflow/dags/superstore_databricks_etl.py
[2025-12-30T16:05:38.414+0000] {processor.py:830} INFO - Processing file /opt/airflow/dags/superstore_databricks_etl.py for tasks to queue
[2025-12-30T16:05:38.417+0000] {logging_mixin.py:188} INFO - [2025-12-30T16:05:38.416+0000] {dagbag.py:538} INFO - Filling up the DagBag from /opt/airflow/dags/superstore_databricks_etl.py
[2025-12-30T16:04:48.851+0000] {processor.py:840} INFO - DAG(s) 'superstore_databricks_etl' retrieved from /opt/airflow/dags/superstore_databricks_etl.py
[2025-12-30T16:04:48.910+0000] {logging_mixin.py:188} INFO - [2025-12-30T16:04:48.909+0000] {dag.py:3036} INFO - Sync 1 DAGs
[2025-12-30T16:04:48.934+0000] {logging_mixin.py:188} INFO - [2025-12-30T16:04:48.931+0000] {dag.py:3823} INFO - Setting next_dagrun for superstore_databricks_etl to None, run_after=None
[2025-12-30T16:04:48.969+0000] {processor.py:183} INFO - Processing /opt/airflow/dags/superstore_databricks_etl.py took 0.156 seconds
[2025-12-30T16:05:19.857+0000] {processor.py:161} INFO - Started process (PID=332) to work on /opt/airflow/dags/superstore_databricks_etl.py
[2025-12-30T16:05:19.858+0000] {processor.py:830} INFO - Processing file /opt/airflow/dags/superstore_databricks_etl.py for tasks to queue
[2025-12-30T16:05:19.860+0000] {logging_mixin.py:188} INFO - [2025-12-30T16:05:19.859+0000] {dagbag.py:538} INFO - Filling up the DagBag from /opt/airflow/dags/superstore_databricks_etl.py
[2025-12-30T16:05:19.887+0000] {processor.py:840} INFO - DAG(s) 'superstore_databricks_etl' retrieved from /opt/airflow/dags/superstore_databricks_etl.py
[2025-12-30T16:05:19.928+0000] {logging_mixin.py:188} INFO - [2025-12-30T16:05:19.928+0000] {dag.py:3036} INFO - Sync 1 DAGs
[2025-12-30T16:05:19.946+0000] {logging_mixin.py:188} INFO - [2025-12-30T16:05:19.946+0000] {dag.py:3823} INFO - Setting next_dagrun for superstore_databricks_etl to None, run_after=None
[2025-12-30T16:05:19.976+0000] {processor.py:183} INFO - Processing /opt/airflow/dags/superstore_databricks_etl.py took 0.125 seconds
[2025-12-30T16:05:50.142+0000] {processor.py:161} INFO - Started process (PID=340) to work on /opt/airflow/dags/superstore_databricks_etl.py
[2025-12-30T16:05:50.153+0000] {processor.py:830} INFO - Processing file /opt/airflow/dags/superstore_databricks_etl.py for tasks to queue
[2025-12-30T16:05:50.158+0000] {logging_mixin.py:188} INFO - [2025-12-30T16:05:50.157+0000] {dagbag.py:538} INFO - Filling up the DagBag from /opt/airflow/dags/superstore_databricks_etl.py
[2025-12-30T16:05:50.231+0000] {processor.py:840} INFO - DAG(s) 'superstore_databricks_etl' retrieved from /opt/airflow/dags/superstore_databricks_etl.py
[2025-12-30T16:05:50.310+0000] {logging_mixin.py:188} INFO - [2025-12-30T16:05:50.309+0000] {dag.py:3036} INFO - Sync 1 DAGs
[2025-12-30T16:05:50.338+0000] {logging_mixin.py:188} INFO - [2025-12-30T16:05:50.338+0000] {dag.py:3823} INFO - Setting next_dagrun for superstore_databricks_etl to None, run_after=None
[2025-12-30T16:05:50.376+0000] {processor.py:183} INFO - Processing /opt/airflow/dags/superstore_databricks_etl.py took 0.247 seconds
[2025-12-30T16:06:48.092+0000] {processor.py:161} INFO - Started process (PID=345) to work on /opt/airflow/dags/superstore_databricks_etl.py
[2025-12-30T16:06:48.095+0000] {processor.py:830} INFO - Processing file /opt/airflow/dags/superstore_databricks_etl.py for tasks to queue
[2025-12-30T16:06:48.097+0000] {logging_mixin.py:188} INFO - [2025-12-30T16:06:48.096+0000] {dagbag.py:538} INFO - Filling up the DagBag from /opt/airflow/dags/superstore_databricks_etl.py
[2025-12-30T16:06:48.133+0000] {processor.py:840} INFO - DAG(s) 'superstore_databricks_etl' retrieved from /opt/airflow/dags/superstore_databricks_etl.py
[2025-12-30T16:05:58.598+0000] {logging_mixin.py:188} INFO - [2025-12-30T16:05:58.597+0000] {dag.py:3036} INFO - Sync 1 DAGs
[2025-12-30T16:05:58.626+0000] {logging_mixin.py:188} INFO - [2025-12-30T16:05:58.626+0000] {dag.py:3823} INFO - Setting next_dagrun for superstore_databricks_etl to None, run_after=None
[2025-12-30T16:05:58.665+0000] {processor.py:183} INFO - Processing /opt/airflow/dags/superstore_databricks_etl.py took 0.168 seconds
[2025-12-30T16:06:53.139+0000] {processor.py:161} INFO - Started process (PID=350) to work on /opt/airflow/dags/superstore_databricks_etl.py
[2025-12-30T16:06:53.141+0000] {processor.py:830} INFO - Processing file /opt/airflow/dags/superstore_databricks_etl.py for tasks to queue
[2025-12-30T16:06:53.143+0000] {logging_mixin.py:188} INFO - [2025-12-30T16:06:53.142+0000] {dagbag.py:538} INFO - Filling up the DagBag from /opt/airflow/dags/superstore_databricks_etl.py
[2025-12-30T16:06:53.173+0000] {processor.py:840} INFO - DAG(s) 'superstore_databricks_etl' retrieved from /opt/airflow/dags/superstore_databricks_etl.py
[2025-12-30T16:06:03.629+0000] {logging_mixin.py:188} INFO - [2025-12-30T16:06:03.629+0000] {dag.py:3036} INFO - Sync 1 DAGs
[2025-12-30T16:06:03.650+0000] {logging_mixin.py:188} INFO - [2025-12-30T16:06:03.650+0000] {dag.py:3823} INFO - Setting next_dagrun for superstore_databricks_etl to None, run_after=None
[2025-12-30T16:06:03.688+0000] {processor.py:183} INFO - Processing /opt/airflow/dags/superstore_databricks_etl.py took 0.140 seconds
[2025-12-30T16:06:08.608+0000] {processor.py:161} INFO - Started process (PID=355) to work on /opt/airflow/dags/superstore_databricks_etl.py
[2025-12-30T16:06:08.610+0000] {processor.py:830} INFO - Processing file /opt/airflow/dags/superstore_databricks_etl.py for tasks to queue
[2025-12-30T16:06:08.612+0000] {logging_mixin.py:188} INFO - [2025-12-30T16:06:08.611+0000] {dagbag.py:538} INFO - Filling up the DagBag from /opt/airflow/dags/superstore_databricks_etl.py
[2025-12-30T16:06:08.648+0000] {processor.py:840} INFO - DAG(s) 'superstore_databricks_etl' retrieved from /opt/airflow/dags/superstore_databricks_etl.py
[2025-12-30T16:06:08.701+0000] {logging_mixin.py:188} INFO - [2025-12-30T16:06:08.701+0000] {dag.py:3036} INFO - Sync 1 DAGs
[2025-12-30T16:06:08.721+0000] {logging_mixin.py:188} INFO - [2025-12-30T16:06:08.720+0000] {dag.py:3823} INFO - Setting next_dagrun for superstore_databricks_etl to None, run_after=None
[2025-12-30T16:06:08.761+0000] {processor.py:183} INFO - Processing /opt/airflow/dags/superstore_databricks_etl.py took 0.158 seconds
[2025-12-30T16:06:39.013+0000] {processor.py:161} INFO - Started process (PID=360) to work on /opt/airflow/dags/superstore_databricks_etl.py
[2025-12-30T16:06:39.015+0000] {processor.py:830} INFO - Processing file /opt/airflow/dags/superstore_databricks_etl.py for tasks to queue
[2025-12-30T16:06:39.017+0000] {logging_mixin.py:188} INFO - [2025-12-30T16:06:39.016+0000] {dagbag.py:538} INFO - Filling up the DagBag from /opt/airflow/dags/superstore_databricks_etl.py
[2025-12-30T16:06:39.043+0000] {processor.py:840} INFO - DAG(s) 'superstore_databricks_etl' retrieved from /opt/airflow/dags/superstore_databricks_etl.py
[2025-12-30T16:06:39.073+0000] {logging_mixin.py:188} INFO - [2025-12-30T16:06:39.073+0000] {dag.py:3036} INFO - Sync 1 DAGs
[2025-12-30T16:06:39.088+0000] {logging_mixin.py:188} INFO - [2025-12-30T16:06:39.087+0000] {dag.py:3823} INFO - Setting next_dagrun for superstore_databricks_etl to None, run_after=None
[2025-12-30T16:06:39.124+0000] {processor.py:183} INFO - Processing /opt/airflow/dags/superstore_databricks_etl.py took 0.118 seconds
[2025-12-30T16:07:09.238+0000] {processor.py:161} INFO - Started process (PID=365) to work on /opt/airflow/dags/superstore_databricks_etl.py
[2025-12-30T16:07:09.240+0000] {processor.py:830} INFO - Processing file /opt/airflow/dags/superstore_databricks_etl.py for tasks to queue
[2025-12-30T16:07:09.242+0000] {logging_mixin.py:188} INFO - [2025-12-30T16:07:09.241+0000] {dagbag.py:538} INFO - Filling up the DagBag from /opt/airflow/dags/superstore_databricks_etl.py
[2025-12-30T16:07:09.264+0000] {processor.py:840} INFO - DAG(s) 'superstore_databricks_etl' retrieved from /opt/airflow/dags/superstore_databricks_etl.py
[2025-12-30T16:07:09.307+0000] {logging_mixin.py:188} INFO - [2025-12-30T16:07:09.307+0000] {dag.py:3036} INFO - Sync 1 DAGs
[2025-12-30T16:07:09.325+0000] {logging_mixin.py:188} INFO - [2025-12-30T16:07:09.325+0000] {dag.py:3823} INFO - Setting next_dagrun for superstore_databricks_etl to None, run_after=None
[2025-12-30T16:07:09.355+0000] {processor.py:183} INFO - Processing /opt/airflow/dags/superstore_databricks_etl.py took 0.122 seconds
[2025-12-30T16:08:08.075+0000] {processor.py:161} INFO - Started process (PID=370) to work on /opt/airflow/dags/superstore_databricks_etl.py
[2025-12-30T16:08:08.077+0000] {processor.py:830} INFO - Processing file /opt/airflow/dags/superstore_databricks_etl.py for tasks to queue
[2025-12-30T16:08:08.078+0000] {logging_mixin.py:188} INFO - [2025-12-30T16:08:08.078+0000] {dagbag.py:538} INFO - Filling up the DagBag from /opt/airflow/dags/superstore_databricks_etl.py
[2025-12-30T16:08:08.105+0000] {processor.py:840} INFO - DAG(s) 'superstore_databricks_etl' retrieved from /opt/airflow/dags/superstore_databricks_etl.py
[2025-12-30T16:08:08.166+0000] {logging_mixin.py:188} INFO - [2025-12-30T16:08:08.166+0000] {dag.py:3036} INFO - Sync 1 DAGs
[2025-12-30T16:08:08.189+0000] {logging_mixin.py:188} INFO - [2025-12-30T16:08:08.188+0000] {dag.py:3823} INFO - Setting next_dagrun for superstore_databricks_etl to None, run_after=None
[2025-12-30T16:08:08.264+0000] {processor.py:183} INFO - Processing /opt/airflow/dags/superstore_databricks_etl.py took 0.201 seconds
[2025-12-30T16:10:17.790+0000] {processor.py:161} INFO - Started process (PID=167) to work on /opt/airflow/dags/superstore_databricks_etl.py
[2025-12-30T16:10:17.791+0000] {processor.py:830} INFO - Processing file /opt/airflow/dags/superstore_databricks_etl.py for tasks to queue
[2025-12-30T16:10:17.792+0000] {logging_mixin.py:188} INFO - [2025-12-30T16:10:17.792+0000] {dagbag.py:538} INFO - Filling up the DagBag from /opt/airflow/dags/superstore_databricks_etl.py
[2025-12-30T16:10:17.832+0000] {processor.py:840} INFO - DAG(s) 'superstore_databricks_etl' retrieved from /opt/airflow/dags/superstore_databricks_etl.py
[2025-12-30T16:10:17.957+0000] {logging_mixin.py:188} INFO - [2025-12-30T16:10:17.957+0000] {override.py:1769} INFO - Created Permission View: can edit on DAG:superstore_databricks_etl
[2025-12-30T16:10:17.978+0000] {logging_mixin.py:188} INFO - [2025-12-30T16:10:17.978+0000] {override.py:1769} INFO - Created Permission View: can read on DAG:superstore_databricks_etl
[2025-12-30T16:10:17.991+0000] {logging_mixin.py:188} INFO - [2025-12-30T16:10:17.991+0000] {override.py:1769} INFO - Created Permission View: can delete on DAG:superstore_databricks_etl
[2025-12-30T16:10:17.993+0000] {logging_mixin.py:188} INFO - [2025-12-30T16:10:17.993+0000] {dag.py:3036} INFO - Sync 1 DAGs
[2025-12-30T16:10:18.008+0000] {logging_mixin.py:188} INFO - [2025-12-30T16:10:18.007+0000] {dag.py:3058} INFO - Creating ORM DAG for superstore_databricks_etl
[2025-12-30T16:10:18.009+0000] {logging_mixin.py:188} INFO - [2025-12-30T16:10:18.009+0000] {dag.py:3823} INFO - Setting next_dagrun for superstore_databricks_etl to None, run_after=None
[2025-12-30T16:10:18.039+0000] {processor.py:183} INFO - Processing /opt/airflow/dags/superstore_databricks_etl.py took 0.253 seconds
[2025-12-30T16:09:58.680+0000] {processor.py:161} INFO - Started process (PID=172) to work on /opt/airflow/dags/superstore_databricks_etl.py
[2025-12-30T16:09:58.682+0000] {processor.py:830} INFO - Processing file /opt/airflow/dags/superstore_databricks_etl.py for tasks to queue
[2025-12-30T16:09:58.683+0000] {logging_mixin.py:188} INFO - [2025-12-30T16:09:58.683+0000] {dagbag.py:538} INFO - Filling up the DagBag from /opt/airflow/dags/superstore_databricks_etl.py
[2025-12-30T16:09:58.711+0000] {processor.py:840} INFO - DAG(s) 'superstore_databricks_etl' retrieved from /opt/airflow/dags/superstore_databricks_etl.py
[2025-12-30T16:09:58.733+0000] {logging_mixin.py:188} INFO - [2025-12-30T16:09:58.733+0000] {dag.py:3036} INFO - Sync 1 DAGs
[2025-12-30T16:09:58.755+0000] {logging_mixin.py:188} INFO - [2025-12-30T16:09:58.755+0000] {dag.py:3823} INFO - Setting next_dagrun for superstore_databricks_etl to None, run_after=None
[2025-12-30T16:09:58.790+0000] {processor.py:183} INFO - Processing /opt/airflow/dags/superstore_databricks_etl.py took 0.116 seconds
[2025-12-30T16:10:53.360+0000] {processor.py:161} INFO - Started process (PID=177) to work on /opt/airflow/dags/superstore_databricks_etl.py
[2025-12-30T16:10:53.363+0000] {processor.py:830} INFO - Processing file /opt/airflow/dags/superstore_databricks_etl.py for tasks to queue
[2025-12-30T16:10:53.364+0000] {logging_mixin.py:188} INFO - [2025-12-30T16:10:53.364+0000] {dagbag.py:538} INFO - Filling up the DagBag from /opt/airflow/dags/superstore_databricks_etl.py
[2025-12-30T16:10:53.393+0000] {processor.py:840} INFO - DAG(s) 'superstore_databricks_etl' retrieved from /opt/airflow/dags/superstore_databricks_etl.py
[2025-12-30T16:10:53.428+0000] {logging_mixin.py:188} INFO - [2025-12-30T16:10:53.427+0000] {dag.py:3036} INFO - Sync 1 DAGs
[2025-12-30T16:10:53.450+0000] {logging_mixin.py:188} INFO - [2025-12-30T16:10:53.450+0000] {dag.py:3823} INFO - Setting next_dagrun for superstore_databricks_etl to None, run_after=None
[2025-12-30T16:10:53.485+0000] {processor.py:183} INFO - Processing /opt/airflow/dags/superstore_databricks_etl.py took 0.128 seconds
[2025-12-30T16:11:23.773+0000] {processor.py:161} INFO - Started process (PID=184) to work on /opt/airflow/dags/superstore_databricks_etl.py
[2025-12-30T16:11:23.776+0000] {processor.py:830} INFO - Processing file /opt/airflow/dags/superstore_databricks_etl.py for tasks to queue
[2025-12-30T16:11:23.779+0000] {logging_mixin.py:188} INFO - [2025-12-30T16:11:23.778+0000] {dagbag.py:538} INFO - Filling up the DagBag from /opt/airflow/dags/superstore_databricks_etl.py
[2025-12-30T16:11:23.828+0000] {processor.py:840} INFO - DAG(s) 'superstore_databricks_etl' retrieved from /opt/airflow/dags/superstore_databricks_etl.py
[2025-12-30T16:11:23.887+0000] {logging_mixin.py:188} INFO - [2025-12-30T16:11:23.886+0000] {dag.py:3036} INFO - Sync 1 DAGs
[2025-12-30T16:11:23.905+0000] {logging_mixin.py:188} INFO - [2025-12-30T16:11:23.905+0000] {dag.py:3823} INFO - Setting next_dagrun for superstore_databricks_etl to None, run_after=None
[2025-12-30T16:11:23.945+0000] {processor.py:183} INFO - Processing /opt/airflow/dags/superstore_databricks_etl.py took 0.180 seconds
[2025-12-30T16:11:54.051+0000] {processor.py:161} INFO - Started process (PID=189) to work on /opt/airflow/dags/superstore_databricks_etl.py
[2025-12-30T16:11:54.053+0000] {processor.py:830} INFO - Processing file /opt/airflow/dags/superstore_databricks_etl.py for tasks to queue
[2025-12-30T16:11:54.054+0000] {logging_mixin.py:188} INFO - [2025-12-30T16:11:54.054+0000] {dagbag.py:538} INFO - Filling up the DagBag from /opt/airflow/dags/superstore_databricks_etl.py
[2025-12-30T16:11:54.079+0000] {processor.py:840} INFO - DAG(s) 'superstore_databricks_etl' retrieved from /opt/airflow/dags/superstore_databricks_etl.py
[2025-12-30T16:11:54.120+0000] {logging_mixin.py:188} INFO - [2025-12-30T16:11:54.120+0000] {dag.py:3036} INFO - Sync 1 DAGs
[2025-12-30T16:11:54.136+0000] {logging_mixin.py:188} INFO - [2025-12-30T16:11:54.135+0000] {dag.py:3823} INFO - Setting next_dagrun for superstore_databricks_etl to None, run_after=None
[2025-12-30T16:11:54.169+0000] {processor.py:183} INFO - Processing /opt/airflow/dags/superstore_databricks_etl.py took 0.127 seconds
[2025-12-30T16:12:53.684+0000] {processor.py:161} INFO - Started process (PID=196) to work on /opt/airflow/dags/superstore_databricks_etl.py
[2025-12-30T16:12:53.687+0000] {processor.py:830} INFO - Processing file /opt/airflow/dags/superstore_databricks_etl.py for tasks to queue
[2025-12-30T16:12:53.690+0000] {logging_mixin.py:188} INFO - [2025-12-30T16:12:53.689+0000] {dagbag.py:538} INFO - Filling up the DagBag from /opt/airflow/dags/superstore_databricks_etl.py
[2025-12-30T16:12:53.713+0000] {processor.py:840} INFO - DAG(s) 'superstore_databricks_etl' retrieved from /opt/airflow/dags/superstore_databricks_etl.py
[2025-12-30T16:12:53.756+0000] {logging_mixin.py:188} INFO - [2025-12-30T16:12:53.755+0000] {dag.py:3036} INFO - Sync 1 DAGs
[2025-12-30T16:12:53.775+0000] {logging_mixin.py:188} INFO - [2025-12-30T16:12:53.775+0000] {dag.py:3823} INFO - Setting next_dagrun for superstore_databricks_etl to None, run_after=None
[2025-12-30T16:12:53.812+0000] {processor.py:183} INFO - Processing /opt/airflow/dags/superstore_databricks_etl.py took 0.133 seconds
[2025-12-30T16:13:24.014+0000] {processor.py:161} INFO - Started process (PID=201) to work on /opt/airflow/dags/superstore_databricks_etl.py
[2025-12-30T16:13:24.016+0000] {processor.py:830} INFO - Processing file /opt/airflow/dags/superstore_databricks_etl.py for tasks to queue
[2025-12-30T16:13:24.017+0000] {logging_mixin.py:188} INFO - [2025-12-30T16:13:24.017+0000] {dagbag.py:538} INFO - Filling up the DagBag from /opt/airflow/dags/superstore_databricks_etl.py
[2025-12-30T16:13:24.048+0000] {processor.py:840} INFO - DAG(s) 'superstore_databricks_etl' retrieved from /opt/airflow/dags/superstore_databricks_etl.py
[2025-12-30T16:13:24.092+0000] {logging_mixin.py:188} INFO - [2025-12-30T16:13:24.091+0000] {dag.py:3036} INFO - Sync 1 DAGs
[2025-12-30T16:13:24.117+0000] {logging_mixin.py:188} INFO - [2025-12-30T16:13:24.117+0000] {dag.py:3823} INFO - Setting next_dagrun for superstore_databricks_etl to None, run_after=None
[2025-12-30T16:13:24.159+0000] {processor.py:183} INFO - Processing /opt/airflow/dags/superstore_databricks_etl.py took 0.151 seconds
[2025-12-30T16:13:58.320+0000] {processor.py:161} INFO - Started process (PID=206) to work on /opt/airflow/dags/superstore_databricks_etl.py
[2025-12-30T16:13:58.322+0000] {processor.py:830} INFO - Processing file /opt/airflow/dags/superstore_databricks_etl.py for tasks to queue
[2025-12-30T16:13:58.324+0000] {logging_mixin.py:188} INFO - [2025-12-30T16:13:58.323+0000] {dagbag.py:538} INFO - Filling up the DagBag from /opt/airflow/dags/superstore_databricks_etl.py
[2025-12-30T16:13:58.355+0000] {processor.py:840} INFO - DAG(s) 'superstore_databricks_etl' retrieved from /opt/airflow/dags/superstore_databricks_etl.py
[2025-12-30T16:13:08.800+0000] {logging_mixin.py:188} INFO - [2025-12-30T16:13:08.800+0000] {dag.py:3036} INFO - Sync 1 DAGs
[2025-12-30T16:13:08.824+0000] {logging_mixin.py:188} INFO - [2025-12-30T16:13:08.823+0000] {dag.py:3823} INFO - Setting next_dagrun for superstore_databricks_etl to None, run_after=None
[2025-12-30T16:13:08.864+0000] {processor.py:183} INFO - Processing /opt/airflow/dags/superstore_databricks_etl.py took 0.168 seconds
[2025-12-30T16:13:39.037+0000] {processor.py:161} INFO - Started process (PID=211) to work on /opt/airflow/dags/superstore_databricks_etl.py
[2025-12-30T16:13:39.039+0000] {processor.py:830} INFO - Processing file /opt/airflow/dags/superstore_databricks_etl.py for tasks to queue
[2025-12-30T16:13:39.041+0000] {logging_mixin.py:188} INFO - [2025-12-30T16:13:39.041+0000] {dagbag.py:538} INFO - Filling up the DagBag from /opt/airflow/dags/superstore_databricks_etl.py
[2025-12-30T16:13:39.068+0000] {processor.py:840} INFO - DAG(s) 'superstore_databricks_etl' retrieved from /opt/airflow/dags/superstore_databricks_etl.py
[2025-12-30T16:13:39.109+0000] {logging_mixin.py:188} INFO - [2025-12-30T16:13:39.109+0000] {dag.py:3036} INFO - Sync 1 DAGs
[2025-12-30T16:13:39.124+0000] {logging_mixin.py:188} INFO - [2025-12-30T16:13:39.124+0000] {dag.py:3823} INFO - Setting next_dagrun for superstore_databricks_etl to None, run_after=None
[2025-12-30T16:13:39.165+0000] {processor.py:183} INFO - Processing /opt/airflow/dags/superstore_databricks_etl.py took 0.134 seconds
[2025-12-30T16:14:09.396+0000] {processor.py:161} INFO - Started process (PID=216) to work on /opt/airflow/dags/superstore_databricks_etl.py
[2025-12-30T16:14:09.399+0000] {processor.py:830} INFO - Processing file /opt/airflow/dags/superstore_databricks_etl.py for tasks to queue
[2025-12-30T16:14:09.400+0000] {logging_mixin.py:188} INFO - [2025-12-30T16:14:09.400+0000] {dagbag.py:538} INFO - Filling up the DagBag from /opt/airflow/dags/superstore_databricks_etl.py
[2025-12-30T16:14:09.434+0000] {processor.py:840} INFO - DAG(s) 'superstore_databricks_etl' retrieved from /opt/airflow/dags/superstore_databricks_etl.py
[2025-12-30T16:14:09.486+0000] {logging_mixin.py:188} INFO - [2025-12-30T16:14:09.486+0000] {dag.py:3036} INFO - Sync 1 DAGs
[2025-12-30T16:14:09.513+0000] {logging_mixin.py:188} INFO - [2025-12-30T16:14:09.512+0000] {dag.py:3823} INFO - Setting next_dagrun for superstore_databricks_etl to None, run_after=None
[2025-12-30T16:14:09.566+0000] {processor.py:183} INFO - Processing /opt/airflow/dags/superstore_databricks_etl.py took 0.190 seconds
[2025-12-30T16:15:03.292+0000] {processor.py:161} INFO - Started process (PID=221) to work on /opt/airflow/dags/superstore_databricks_etl.py
[2025-12-30T16:15:03.294+0000] {processor.py:830} INFO - Processing file /opt/airflow/dags/superstore_databricks_etl.py for tasks to queue
[2025-12-30T16:15:03.297+0000] {logging_mixin.py:188} INFO - [2025-12-30T16:15:03.296+0000] {dagbag.py:538} INFO - Filling up the DagBag from /opt/airflow/dags/superstore_databricks_etl.py
[2025-12-30T16:15:03.322+0000] {processor.py:840} INFO - DAG(s) 'superstore_databricks_etl' retrieved from /opt/airflow/dags/superstore_databricks_etl.py
[2025-12-30T16:15:03.370+0000] {logging_mixin.py:188} INFO - [2025-12-30T16:15:03.369+0000] {dag.py:3036} INFO - Sync 1 DAGs
[2025-12-30T16:15:03.395+0000] {logging_mixin.py:188} INFO - [2025-12-30T16:15:03.395+0000] {dag.py:3823} INFO - Setting next_dagrun for superstore_databricks_etl to None, run_after=None
[2025-12-30T16:14:13.809+0000] {processor.py:183} INFO - Processing /opt/airflow/dags/superstore_databricks_etl.py took 0.141 seconds
[2025-12-30T16:15:08.337+0000] {processor.py:161} INFO - Started process (PID=226) to work on /opt/airflow/dags/superstore_databricks_etl.py
[2025-12-30T16:15:08.340+0000] {processor.py:830} INFO - Processing file /opt/airflow/dags/superstore_databricks_etl.py for tasks to queue
[2025-12-30T16:15:08.341+0000] {logging_mixin.py:188} INFO - [2025-12-30T16:15:08.341+0000] {dagbag.py:538} INFO - Filling up the DagBag from /opt/airflow/dags/superstore_databricks_etl.py
[2025-12-30T16:15:08.360+0000] {processor.py:840} INFO - DAG(s) 'superstore_databricks_etl' retrieved from /opt/airflow/dags/superstore_databricks_etl.py
[2025-12-30T16:14:18.803+0000] {logging_mixin.py:188} INFO - [2025-12-30T16:14:18.803+0000] {dag.py:3036} INFO - Sync 1 DAGs
[2025-12-30T16:14:18.824+0000] {logging_mixin.py:188} INFO - [2025-12-30T16:14:18.824+0000] {dag.py:3823} INFO - Setting next_dagrun for superstore_databricks_etl to None, run_after=None
[2025-12-30T16:14:18.861+0000] {processor.py:183} INFO - Processing /opt/airflow/dags/superstore_databricks_etl.py took 0.133 seconds
[2025-12-30T16:15:13.379+0000] {processor.py:161} INFO - Started process (PID=231) to work on /opt/airflow/dags/superstore_databricks_etl.py
[2025-12-30T16:15:13.381+0000] {processor.py:830} INFO - Processing file /opt/airflow/dags/superstore_databricks_etl.py for tasks to queue
[2025-12-30T16:15:13.382+0000] {logging_mixin.py:188} INFO - [2025-12-30T16:15:13.382+0000] {dagbag.py:538} INFO - Filling up the DagBag from /opt/airflow/dags/superstore_databricks_etl.py
[2025-12-30T16:15:13.403+0000] {processor.py:840} INFO - DAG(s) 'superstore_databricks_etl' retrieved from /opt/airflow/dags/superstore_databricks_etl.py
[2025-12-30T16:14:23.812+0000] {logging_mixin.py:188} INFO - [2025-12-30T16:14:23.812+0000] {dag.py:3036} INFO - Sync 1 DAGs
[2025-12-30T16:14:23.827+0000] {logging_mixin.py:188} INFO - [2025-12-30T16:14:23.826+0000] {dag.py:3823} INFO - Setting next_dagrun for superstore_databricks_etl to None, run_after=None
[2025-12-30T16:14:23.854+0000] {processor.py:183} INFO - Processing /opt/airflow/dags/superstore_databricks_etl.py took 0.102 seconds
[2025-12-30T16:15:43.656+0000] {processor.py:161} INFO - Started process (PID=236) to work on /opt/airflow/dags/superstore_databricks_etl.py
[2025-12-30T16:15:43.657+0000] {processor.py:830} INFO - Processing file /opt/airflow/dags/superstore_databricks_etl.py for tasks to queue
[2025-12-30T16:15:43.659+0000] {logging_mixin.py:188} INFO - [2025-12-30T16:15:43.658+0000] {dagbag.py:538} INFO - Filling up the DagBag from /opt/airflow/dags/superstore_databricks_etl.py
[2025-12-30T16:15:43.686+0000] {processor.py:840} INFO - DAG(s) 'superstore_databricks_etl' retrieved from /opt/airflow/dags/superstore_databricks_etl.py
[2025-12-30T16:15:43.729+0000] {logging_mixin.py:188} INFO - [2025-12-30T16:15:43.728+0000] {dag.py:3036} INFO - Sync 1 DAGs
[2025-12-30T16:15:43.744+0000] {logging_mixin.py:188} INFO - [2025-12-30T16:15:43.744+0000] {dag.py:3823} INFO - Setting next_dagrun for superstore_databricks_etl to None, run_after=None
[2025-12-30T16:15:43.783+0000] {processor.py:183} INFO - Processing /opt/airflow/dags/superstore_databricks_etl.py took 0.133 seconds
[2025-12-30T16:16:13.934+0000] {processor.py:161} INFO - Started process (PID=243) to work on /opt/airflow/dags/superstore_databricks_etl.py
[2025-12-30T16:16:13.936+0000] {processor.py:830} INFO - Processing file /opt/airflow/dags/superstore_databricks_etl.py for tasks to queue
[2025-12-30T16:16:13.937+0000] {logging_mixin.py:188} INFO - [2025-12-30T16:16:13.937+0000] {dagbag.py:538} INFO - Filling up the DagBag from /opt/airflow/dags/superstore_databricks_etl.py
[2025-12-30T16:16:13.959+0000] {processor.py:840} INFO - DAG(s) 'superstore_databricks_etl' retrieved from /opt/airflow/dags/superstore_databricks_etl.py
[2025-12-30T16:16:14.000+0000] {logging_mixin.py:188} INFO - [2025-12-30T16:16:14.000+0000] {dag.py:3036} INFO - Sync 1 DAGs
[2025-12-30T16:16:14.020+0000] {logging_mixin.py:188} INFO - [2025-12-30T16:16:14.020+0000] {dag.py:3823} INFO - Setting next_dagrun for superstore_databricks_etl to None, run_after=None
[2025-12-30T16:16:14.055+0000] {processor.py:183} INFO - Processing /opt/airflow/dags/superstore_databricks_etl.py took 0.127 seconds
[2025-12-30T16:16:44.251+0000] {processor.py:161} INFO - Started process (PID=248) to work on /opt/airflow/dags/superstore_databricks_etl.py
[2025-12-30T16:16:44.252+0000] {processor.py:830} INFO - Processing file /opt/airflow/dags/superstore_databricks_etl.py for tasks to queue
[2025-12-30T16:16:44.254+0000] {logging_mixin.py:188} INFO - [2025-12-30T16:16:44.253+0000] {dagbag.py:538} INFO - Filling up the DagBag from /opt/airflow/dags/superstore_databricks_etl.py
[2025-12-30T16:16:44.285+0000] {processor.py:840} INFO - DAG(s) 'superstore_databricks_etl' retrieved from /opt/airflow/dags/superstore_databricks_etl.py
[2025-12-30T16:16:44.333+0000] {logging_mixin.py:188} INFO - [2025-12-30T16:16:44.333+0000] {dag.py:3036} INFO - Sync 1 DAGs
[2025-12-30T16:16:44.354+0000] {logging_mixin.py:188} INFO - [2025-12-30T16:16:44.353+0000] {dag.py:3823} INFO - Setting next_dagrun for superstore_databricks_etl to None, run_after=None
[2025-12-30T16:16:44.386+0000] {processor.py:183} INFO - Processing /opt/airflow/dags/superstore_databricks_etl.py took 0.144 seconds
[2025-12-30T16:17:14.614+0000] {processor.py:161} INFO - Started process (PID=253) to work on /opt/airflow/dags/superstore_databricks_etl.py
[2025-12-30T16:17:14.616+0000] {processor.py:830} INFO - Processing file /opt/airflow/dags/superstore_databricks_etl.py for tasks to queue
[2025-12-30T16:17:14.617+0000] {logging_mixin.py:188} INFO - [2025-12-30T16:17:14.617+0000] {dagbag.py:538} INFO - Filling up the DagBag from /opt/airflow/dags/superstore_databricks_etl.py
[2025-12-30T16:17:14.644+0000] {processor.py:840} INFO - DAG(s) 'superstore_databricks_etl' retrieved from /opt/airflow/dags/superstore_databricks_etl.py
[2025-12-30T16:17:14.696+0000] {logging_mixin.py:188} INFO - [2025-12-30T16:17:14.695+0000] {dag.py:3036} INFO - Sync 1 DAGs
[2025-12-30T16:17:14.718+0000] {logging_mixin.py:188} INFO - [2025-12-30T16:17:14.718+0000] {dag.py:3823} INFO - Setting next_dagrun for superstore_databricks_etl to None, run_after=None
[2025-12-30T16:17:14.763+0000] {processor.py:183} INFO - Processing /opt/airflow/dags/superstore_databricks_etl.py took 0.155 seconds
[2025-12-30T16:17:44.965+0000] {processor.py:161} INFO - Started process (PID=258) to work on /opt/airflow/dags/superstore_databricks_etl.py
[2025-12-30T16:17:44.967+0000] {processor.py:830} INFO - Processing file /opt/airflow/dags/superstore_databricks_etl.py for tasks to queue
[2025-12-30T16:17:44.971+0000] {logging_mixin.py:188} INFO - [2025-12-30T16:17:44.969+0000] {dagbag.py:538} INFO - Filling up the DagBag from /opt/airflow/dags/superstore_databricks_etl.py
[2025-12-30T16:17:45.014+0000] {processor.py:840} INFO - DAG(s) 'superstore_databricks_etl' retrieved from /opt/airflow/dags/superstore_databricks_etl.py
[2025-12-30T16:17:45.095+0000] {logging_mixin.py:188} INFO - [2025-12-30T16:17:45.094+0000] {dag.py:3036} INFO - Sync 1 DAGs
[2025-12-30T16:17:45.117+0000] {logging_mixin.py:188} INFO - [2025-12-30T16:17:45.116+0000] {dag.py:3823} INFO - Setting next_dagrun for superstore_databricks_etl to None, run_after=None
[2025-12-30T16:17:45.158+0000] {processor.py:183} INFO - Processing /opt/airflow/dags/superstore_databricks_etl.py took 0.199 seconds
[2025-12-30T16:17:28.803+0000] {processor.py:161} INFO - Started process (PID=266) to work on /opt/airflow/dags/superstore_databricks_etl.py
[2025-12-30T16:17:28.806+0000] {processor.py:830} INFO - Processing file /opt/airflow/dags/superstore_databricks_etl.py for tasks to queue
[2025-12-30T16:17:28.808+0000] {logging_mixin.py:188} INFO - [2025-12-30T16:17:28.808+0000] {dagbag.py:538} INFO - Filling up the DagBag from /opt/airflow/dags/superstore_databricks_etl.py
[2025-12-30T16:17:28.840+0000] {processor.py:840} INFO - DAG(s) 'superstore_databricks_etl' retrieved from /opt/airflow/dags/superstore_databricks_etl.py
[2025-12-30T16:17:28.898+0000] {logging_mixin.py:188} INFO - [2025-12-30T16:17:28.897+0000] {dag.py:3036} INFO - Sync 1 DAGs
[2025-12-30T16:17:28.925+0000] {logging_mixin.py:188} INFO - [2025-12-30T16:17:28.925+0000] {dag.py:3823} INFO - Setting next_dagrun for superstore_databricks_etl to None, run_after=None
[2025-12-30T16:17:28.962+0000] {processor.py:183} INFO - Processing /opt/airflow/dags/superstore_databricks_etl.py took 0.168 seconds
