[2026-01-05T19:37:03.613+0000] {taskinstance.py:1956} INFO - Dependencies all met for dep_context=non-requeueable deps ti=<TaskInstance: student_retention_databricks_orchestration.trigger_databricks_medallion_job manual__2026-01-05T19:37:02.104078+00:00 [queued]>
[2026-01-05T19:37:03.634+0000] {taskinstance.py:1956} INFO - Dependencies all met for dep_context=requeueable deps ti=<TaskInstance: student_retention_databricks_orchestration.trigger_databricks_medallion_job manual__2026-01-05T19:37:02.104078+00:00 [queued]>
[2026-01-05T19:37:03.635+0000] {taskinstance.py:2170} INFO - Starting attempt 1 of 3
[2026-01-05T19:37:03.663+0000] {taskinstance.py:2191} INFO - Executing <Task(DatabricksRunNowOperator): trigger_databricks_medallion_job> on 2026-01-05 19:37:02.104078+00:00
[2026-01-05T19:37:03.700+0000] {standard_task_runner.py:60} INFO - Started process 218 to run task
[2026-01-05T19:37:03.697+0000] {standard_task_runner.py:87} INFO - Running: ['***', 'tasks', 'run', 'student_retention_databricks_orchestration', 'trigger_databricks_medallion_job', 'manual__2026-01-05T19:37:02.104078+00:00', '--job-id', '3', '--raw', '--subdir', 'DAGS_FOLDER/studentRetension_databricks_etl.py', '--cfg-path', '/tmp/tmpe94jmbm5']
[2026-01-05T19:37:03.708+0000] {standard_task_runner.py:88} INFO - Job 3: Subtask trigger_databricks_medallion_job
[2026-01-05T19:37:03.845+0000] {task_command.py:423} INFO - Running <TaskInstance: student_retention_databricks_orchestration.trigger_databricks_medallion_job manual__2026-01-05T19:37:02.104078+00:00 [running]> on host 59bf3f63849f
[2026-01-05T19:37:04.089+0000] {taskinstance.py:2480} INFO - Exporting env vars: AIRFLOW_CTX_DAG_OWNER='siddartha' AIRFLOW_CTX_DAG_ID='student_retention_databricks_orchestration' AIRFLOW_CTX_TASK_ID='trigger_databricks_medallion_job' AIRFLOW_CTX_EXECUTION_DATE='2026-01-05T19:37:02.104078+00:00' AIRFLOW_CTX_TRY_NUMBER='1' AIRFLOW_CTX_DAG_RUN_ID='manual__2026-01-05T19:37:02.104078+00:00'
[2026-01-05T19:37:04.109+0000] {base.py:83} INFO - Using connection ID 'databricks_default' for task execution.
[2026-01-05T19:37:05.766+0000] {databricks.py:66} INFO - Run submitted with run_id: 20894976023627
[2026-01-05T19:37:08.235+0000] {databricks.py:128} INFO - trigger_databricks_medallion_job in run state: {'life_cycle_state': 'RUNNING', 'result_state': '', 'state_message': ''}
[2026-01-05T19:37:08.237+0000] {databricks.py:129} INFO - View run status, Spark UI, and logs at https://dbc-b05c1d9b-6b7d.cloud.databricks.com/?o=871826080196876#job/195283395503801/run/20894976023627
[2026-01-05T19:37:08.238+0000] {databricks.py:130} INFO - Sleeping for 60 seconds.
[2026-01-05T19:38:10.754+0000] {taskinstance.py:2698} ERROR - Task failed with exception
Traceback (most recent call last):
  File "/home/airflow/.local/lib/python3.8/site-packages/airflow/models/taskinstance.py", line 433, in _execute_task
    result = execute_callable(context=context, **execute_callable_kwargs)
  File "/home/airflow/.local/lib/python3.8/site-packages/airflow/providers/databricks/operators/databricks.py", line 922, in execute
    _handle_databricks_operator_execution(self, hook, self.log, context)
  File "/home/airflow/.local/lib/python3.8/site-packages/airflow/providers/databricks/operators/databricks.py", line 126, in _handle_databricks_operator_execution
    raise AirflowException(error_message)
airflow.exceptions.AirflowException: trigger_databricks_medallion_job failed with terminal state: {'life_cycle_state': 'INTERNAL_ERROR', 'result_state': 'FAILED', 'state_message': 'Task bronze_ingestion failed with message: Unable to access the notebook "/Workspace/Users/samisettysiddartha2004@gmail.com/Student Dropout Risk & Education Retention/bronze_ingestion" in the workspace. Either it does not exist, or the identity used to run this job, samisettysiddartha2004@gmail.com, lacks the required permissions. This caused all downstream tasks to get skipped.'} and with the errors [{'task_key': 'bronze_ingestion', 'run_id': 1042100413773309, 'error': 'Run failed with error message\n Unable to access the notebook "/Workspace/Users/samisettysiddartha2004@gmail.com/Student Dropout Risk & Education Retention/bronze_ingestion" in the workspace. Either it does not exist, or the identity used to run this job, samisettysiddartha2004@gmail.com, lacks the required permissions.'}]
[2026-01-05T19:38:10.763+0000] {taskinstance.py:1138} INFO - Marking task as UP_FOR_RETRY. dag_id=student_retention_databricks_orchestration, task_id=trigger_databricks_medallion_job, execution_date=20260105T193702, start_date=20260105T193703, end_date=20260105T193810
[2026-01-05T19:38:10.801+0000] {standard_task_runner.py:107} ERROR - Failed to execute job 3 for task trigger_databricks_medallion_job (trigger_databricks_medallion_job failed with terminal state: {'life_cycle_state': 'INTERNAL_ERROR', 'result_state': 'FAILED', 'state_message': 'Task bronze_ingestion failed with message: Unable to access the notebook "/Workspace/Users/samisettysiddartha2004@gmail.com/Student Dropout Risk & Education Retention/bronze_ingestion" in the workspace. Either it does not exist, or the identity used to run this job, samisettysiddartha2004@gmail.com, lacks the required permissions. This caused all downstream tasks to get skipped.'} and with the errors [{'task_key': 'bronze_ingestion', 'run_id': 1042100413773309, 'error': 'Run failed with error message\n Unable to access the notebook "/Workspace/Users/samisettysiddartha2004@gmail.com/Student Dropout Risk & Education Retention/bronze_ingestion" in the workspace. Either it does not exist, or the identity used to run this job, samisettysiddartha2004@gmail.com, lacks the required permissions.'}]; 218)
[2026-01-05T19:38:10.828+0000] {local_task_job_runner.py:234} INFO - Task exited with return code 1
[2026-01-05T19:38:10.854+0000] {taskinstance.py:3280} INFO - 0 downstream tasks scheduled from follow-on schedule check
