[2025-12-30T16:12:00.387+0000] {taskinstance.py:1956} INFO - Dependencies all met for dep_context=non-requeueable deps ti=<TaskInstance: superstore_databricks_etl.run_superstore_serverless_job manual__2025-12-30T16:11:59.493012+00:00 [queued]>
[2025-12-30T16:12:00.404+0000] {taskinstance.py:1956} INFO - Dependencies all met for dep_context=requeueable deps ti=<TaskInstance: superstore_databricks_etl.run_superstore_serverless_job manual__2025-12-30T16:11:59.493012+00:00 [queued]>
[2025-12-30T16:12:00.406+0000] {taskinstance.py:2170} INFO - Starting attempt 1 of 2
[2025-12-30T16:12:00.433+0000] {taskinstance.py:2191} INFO - Executing <Task(DatabricksRunNowOperator): run_superstore_serverless_job> on 2025-12-30 16:11:59.493012+00:00
[2025-12-30T16:12:00.442+0000] {standard_task_runner.py:60} INFO - Started process 195 to run task
[2025-12-30T16:12:00.448+0000] {standard_task_runner.py:87} INFO - Running: ['***', 'tasks', 'run', 'superstore_databricks_etl', 'run_superstore_serverless_job', 'manual__2025-12-30T16:11:59.493012+00:00', '--job-id', '2', '--raw', '--subdir', 'DAGS_FOLDER/superstore_databricks_etl.py', '--cfg-path', '/tmp/tmpfs66hvdv']
[2025-12-30T16:12:00.452+0000] {standard_task_runner.py:88} INFO - Job 2: Subtask run_superstore_serverless_job
[2025-12-30T16:12:00.582+0000] {task_command.py:423} INFO - Running <TaskInstance: superstore_databricks_etl.run_superstore_serverless_job manual__2025-12-30T16:11:59.493012+00:00 [running]> on host 154f0191b9e4
[2025-12-30T16:12:00.706+0000] {taskinstance.py:2480} INFO - Exporting env vars: AIRFLOW_CTX_DAG_OWNER='vivek' AIRFLOW_CTX_DAG_ID='superstore_databricks_etl' AIRFLOW_CTX_TASK_ID='run_superstore_serverless_job' AIRFLOW_CTX_EXECUTION_DATE='2025-12-30T16:11:59.493012+00:00' AIRFLOW_CTX_TRY_NUMBER='1' AIRFLOW_CTX_DAG_RUN_ID='manual__2025-12-30T16:11:59.493012+00:00'
[2025-12-30T16:12:00.721+0000] {base.py:83} INFO - Using connection ID 'databricks_default' for task execution.
[2025-12-30T16:12:01.321+0000] {databricks.py:66} INFO - Run submitted with run_id: 581321072260938
[2025-12-30T16:12:01.762+0000] {databricks.py:128} INFO - run_superstore_serverless_job in run state: {'life_cycle_state': 'RUNNING', 'result_state': '', 'state_message': ''}
[2025-12-30T16:12:01.763+0000] {databricks.py:129} INFO - View run status, Spark UI, and logs at https://adb-646459859347545.5.azuredatabricks.net/?o=646459859347545#job/147351537221017/run/581321072260938
[2025-12-30T16:12:01.764+0000] {databricks.py:130} INFO - Sleeping for 30 seconds.
[2025-12-30T16:11:42.405+0000] {databricks.py:128} INFO - run_superstore_serverless_job in run state: {'life_cycle_state': 'RUNNING', 'result_state': '', 'state_message': ''}
[2025-12-30T16:11:42.409+0000] {databricks.py:129} INFO - View run status, Spark UI, and logs at https://adb-646459859347545.5.azuredatabricks.net/?o=646459859347545#job/147351537221017/run/581321072260938
[2025-12-30T16:11:42.411+0000] {databricks.py:130} INFO - Sleeping for 30 seconds.
[2025-12-30T16:13:23.066+0000] {databricks_base.py:516} ERROR - Attempt 1 API Request to Databricks failed with reason: <Future at 0x786f2e1d7f70 state=finished raised ConnectionError>
[2025-12-30T16:13:24.267+0000] {databricks.py:128} INFO - run_superstore_serverless_job in run state: {'life_cycle_state': 'RUNNING', 'result_state': '', 'state_message': ''}
[2025-12-30T16:13:24.268+0000] {databricks.py:129} INFO - View run status, Spark UI, and logs at https://adb-646459859347545.5.azuredatabricks.net/?o=646459859347545#job/147351537221017/run/581321072260938
[2025-12-30T16:13:24.269+0000] {databricks.py:130} INFO - Sleeping for 30 seconds.
[2025-12-30T16:13:04.944+0000] {databricks.py:128} INFO - run_superstore_serverless_job in run state: {'life_cycle_state': 'RUNNING', 'result_state': '', 'state_message': ''}
[2025-12-30T16:13:04.945+0000] {databricks.py:129} INFO - View run status, Spark UI, and logs at https://adb-646459859347545.5.azuredatabricks.net/?o=646459859347545#job/147351537221017/run/581321072260938
[2025-12-30T16:13:04.946+0000] {databricks.py:130} INFO - Sleeping for 30 seconds.
[2025-12-30T16:13:35.184+0000] {databricks.py:77} INFO - run_superstore_serverless_job completed successfully.
[2025-12-30T16:13:35.186+0000] {databricks.py:78} INFO - View run status, Spark UI, and logs at https://adb-646459859347545.5.azuredatabricks.net/?o=646459859347545#job/147351537221017/run/581321072260938
[2025-12-30T16:13:35.217+0000] {taskinstance.py:1138} INFO - Marking task as SUCCESS. dag_id=superstore_databricks_etl, task_id=run_superstore_serverless_job, execution_date=20251230T161159, start_date=20251230T161200, end_date=20251230T161335
[2025-12-30T16:13:50.577+0000] {local_task_job_runner.py:234} INFO - Task exited with return code 0
[2025-12-30T16:13:50.610+0000] {taskinstance.py:3280} INFO - 0 downstream tasks scheduled from follow-on schedule check
