[2026-01-05T18:40:25.584+0000] {taskinstance.py:1956} INFO - Dependencies all met for dep_context=non-requeueable deps ti=<TaskInstance: student_retention_databricks_orchestration.trigger_databricks_medallion_job manual__2026-01-05T18:40:24.430461+00:00 [queued]>
[2026-01-05T18:40:25.598+0000] {taskinstance.py:1956} INFO - Dependencies all met for dep_context=requeueable deps ti=<TaskInstance: student_retention_databricks_orchestration.trigger_databricks_medallion_job manual__2026-01-05T18:40:24.430461+00:00 [queued]>
[2026-01-05T18:40:25.599+0000] {taskinstance.py:2170} INFO - Starting attempt 1 of 3
[2026-01-05T18:40:25.617+0000] {taskinstance.py:2191} INFO - Executing <Task(DatabricksRunNowOperator): trigger_databricks_medallion_job> on 2026-01-05 18:40:24.430461+00:00
[2026-01-05T18:40:25.624+0000] {standard_task_runner.py:60} INFO - Started process 270 to run task
[2026-01-05T18:40:25.629+0000] {standard_task_runner.py:87} INFO - Running: ['***', 'tasks', 'run', 'student_retention_databricks_orchestration', 'trigger_databricks_medallion_job', 'manual__2026-01-05T18:40:24.430461+00:00', '--job-id', '5', '--raw', '--subdir', 'DAGS_FOLDER/studentRetension_databricks_etl.py', '--cfg-path', '/tmp/tmpfuoqbbm7']
[2026-01-05T18:40:25.633+0000] {standard_task_runner.py:88} INFO - Job 5: Subtask trigger_databricks_medallion_job
[2026-01-05T18:40:25.771+0000] {task_command.py:423} INFO - Running <TaskInstance: student_retention_databricks_orchestration.trigger_databricks_medallion_job manual__2026-01-05T18:40:24.430461+00:00 [running]> on host 583d2e1a28e8
[2026-01-05T18:40:25.922+0000] {taskinstance.py:2480} INFO - Exporting env vars: AIRFLOW_CTX_DAG_OWNER='siddartha' AIRFLOW_CTX_DAG_ID='student_retention_databricks_orchestration' AIRFLOW_CTX_TASK_ID='trigger_databricks_medallion_job' AIRFLOW_CTX_EXECUTION_DATE='2026-01-05T18:40:24.430461+00:00' AIRFLOW_CTX_TRY_NUMBER='1' AIRFLOW_CTX_DAG_RUN_ID='manual__2026-01-05T18:40:24.430461+00:00'
[2026-01-05T18:40:25.944+0000] {base.py:83} INFO - Using connection ID 'databricks_default' for task execution.
[2026-01-05T18:40:27.459+0000] {databricks.py:66} INFO - Run submitted with run_id: 898111673755922
[2026-01-05T18:40:31.138+0000] {taskinstance.py:2698} ERROR - Task failed with exception
Traceback (most recent call last):
  File "/home/airflow/.local/lib/python3.8/site-packages/airflow/models/taskinstance.py", line 433, in _execute_task
    result = execute_callable(context=context, **execute_callable_kwargs)
  File "/home/airflow/.local/lib/python3.8/site-packages/airflow/providers/databricks/operators/databricks.py", line 922, in execute
    _handle_databricks_operator_execution(self, hook, self.log, context)
  File "/home/airflow/.local/lib/python3.8/site-packages/airflow/providers/databricks/operators/databricks.py", line 126, in _handle_databricks_operator_execution
    raise AirflowException(error_message)
airflow.exceptions.AirflowException: trigger_databricks_medallion_job failed with terminal state: {'life_cycle_state': 'INTERNAL_ERROR', 'result_state': 'FAILED', 'state_message': 'Task bronze_ingestion failed with message: Unable to access the notebook "/Workspace/Users/samisettysiddartha2004@gmail.com/Student Dropout Risk & Education Retention/bronze_ingestion" in the workspace. Either it does not exist, or the identity used to run this job, samisettysiddartha2004@gmail.com, lacks the required permissions. This caused all downstream tasks to get skipped.'} and with the errors [{'task_key': 'bronze_ingestion', 'run_id': 873463992594526, 'error': 'Run failed with error message\n Unable to access the notebook "/Workspace/Users/samisettysiddartha2004@gmail.com/Student Dropout Risk & Education Retention/bronze_ingestion" in the workspace. Either it does not exist, or the identity used to run this job, samisettysiddartha2004@gmail.com, lacks the required permissions.'}]
[2026-01-05T18:40:31.149+0000] {taskinstance.py:1138} INFO - Marking task as UP_FOR_RETRY. dag_id=student_retention_databricks_orchestration, task_id=trigger_databricks_medallion_job, execution_date=20260105T184024, start_date=20260105T184025, end_date=20260105T184031
[2026-01-05T18:40:31.181+0000] {standard_task_runner.py:107} ERROR - Failed to execute job 5 for task trigger_databricks_medallion_job (trigger_databricks_medallion_job failed with terminal state: {'life_cycle_state': 'INTERNAL_ERROR', 'result_state': 'FAILED', 'state_message': 'Task bronze_ingestion failed with message: Unable to access the notebook "/Workspace/Users/samisettysiddartha2004@gmail.com/Student Dropout Risk & Education Retention/bronze_ingestion" in the workspace. Either it does not exist, or the identity used to run this job, samisettysiddartha2004@gmail.com, lacks the required permissions. This caused all downstream tasks to get skipped.'} and with the errors [{'task_key': 'bronze_ingestion', 'run_id': 873463992594526, 'error': 'Run failed with error message\n Unable to access the notebook "/Workspace/Users/samisettysiddartha2004@gmail.com/Student Dropout Risk & Education Retention/bronze_ingestion" in the workspace. Either it does not exist, or the identity used to run this job, samisettysiddartha2004@gmail.com, lacks the required permissions.'}]; 270)
[2026-01-05T18:40:31.219+0000] {local_task_job_runner.py:234} INFO - Task exited with return code 1
[2026-01-05T18:40:31.239+0000] {taskinstance.py:3280} INFO - 0 downstream tasks scheduled from follow-on schedule check
