[2026-01-05T19:48:41.580+0000] {taskinstance.py:1956} INFO - Dependencies all met for dep_context=non-requeueable deps ti=<TaskInstance: student_retention_databricks_orchestration.trigger_databricks_medallion_job manual__2026-01-05T19:48:40.445088+00:00 [queued]>
[2026-01-05T19:48:41.596+0000] {taskinstance.py:1956} INFO - Dependencies all met for dep_context=requeueable deps ti=<TaskInstance: student_retention_databricks_orchestration.trigger_databricks_medallion_job manual__2026-01-05T19:48:40.445088+00:00 [queued]>
[2026-01-05T19:48:41.597+0000] {taskinstance.py:2170} INFO - Starting attempt 1 of 3
[2026-01-05T19:48:41.621+0000] {taskinstance.py:2191} INFO - Executing <Task(DatabricksRunNowOperator): trigger_databricks_medallion_job> on 2026-01-05 19:48:40.445088+00:00
[2026-01-05T19:48:41.629+0000] {standard_task_runner.py:60} INFO - Started process 302 to run task
[2026-01-05T19:48:41.636+0000] {standard_task_runner.py:87} INFO - Running: ['***', 'tasks', 'run', 'student_retention_databricks_orchestration', 'trigger_databricks_medallion_job', 'manual__2026-01-05T19:48:40.445088+00:00', '--job-id', '2', '--raw', '--subdir', 'DAGS_FOLDER/studentRetension_databricks_etl.py', '--cfg-path', '/tmp/tmplo__3yhc']
[2026-01-05T19:48:41.641+0000] {standard_task_runner.py:88} INFO - Job 2: Subtask trigger_databricks_medallion_job
[2026-01-05T19:48:41.760+0000] {task_command.py:423} INFO - Running <TaskInstance: student_retention_databricks_orchestration.trigger_databricks_medallion_job manual__2026-01-05T19:48:40.445088+00:00 [running]> on host 2ee554792322
[2026-01-05T19:48:41.911+0000] {taskinstance.py:2480} INFO - Exporting env vars: AIRFLOW_CTX_DAG_OWNER='siddartha' AIRFLOW_CTX_DAG_ID='student_retention_databricks_orchestration' AIRFLOW_CTX_TASK_ID='trigger_databricks_medallion_job' AIRFLOW_CTX_EXECUTION_DATE='2026-01-05T19:48:40.445088+00:00' AIRFLOW_CTX_TRY_NUMBER='1' AIRFLOW_CTX_DAG_RUN_ID='manual__2026-01-05T19:48:40.445088+00:00'
[2026-01-05T19:48:41.928+0000] {base.py:83} INFO - Using connection ID 'databricks_default' for task execution.
[2026-01-05T19:48:43.566+0000] {databricks.py:66} INFO - Run submitted with run_id: 1059712194775586
[2026-01-05T19:47:53.364+0000] {databricks.py:128} INFO - trigger_databricks_medallion_job in run state: {'life_cycle_state': 'RUNNING', 'result_state': '', 'state_message': ''}
[2026-01-05T19:47:53.365+0000] {databricks.py:129} INFO - View run status, Spark UI, and logs at https://dbc-b05c1d9b-6b7d.cloud.databricks.com/?o=871826080196876#job/1005427844888227/run/1059712194775586
[2026-01-05T19:47:53.366+0000] {databricks.py:130} INFO - Sleeping for 60 seconds.
[2026-01-05T19:48:53.470+0000] {databricks.py:128} INFO - trigger_databricks_medallion_job in run state: {'life_cycle_state': 'RUNNING', 'result_state': '', 'state_message': ''}
[2026-01-05T19:48:53.482+0000] {databricks.py:129} INFO - View run status, Spark UI, and logs at https://dbc-b05c1d9b-6b7d.cloud.databricks.com/?o=871826080196876#job/1005427844888227/run/1059712194775586
[2026-01-05T19:48:53.486+0000] {databricks.py:130} INFO - Sleeping for 60 seconds.
[2026-01-05T19:49:54.764+0000] {databricks.py:77} INFO - trigger_databricks_medallion_job completed successfully.
[2026-01-05T19:49:54.766+0000] {databricks.py:78} INFO - View run status, Spark UI, and logs at https://dbc-b05c1d9b-6b7d.cloud.databricks.com/?o=871826080196876#job/1005427844888227/run/1059712194775586
[2026-01-05T19:49:54.783+0000] {taskinstance.py:1138} INFO - Marking task as SUCCESS. dag_id=student_retention_databricks_orchestration, task_id=trigger_databricks_medallion_job, execution_date=20260105T194840, start_date=20260105T194841, end_date=20260105T194954
[2026-01-05T19:49:54.848+0000] {local_task_job_runner.py:234} INFO - Task exited with return code 0
[2026-01-05T19:49:54.879+0000] {taskinstance.py:3280} INFO - 0 downstream tasks scheduled from follow-on schedule check
